This is pdfTeX, Version 3.14159265-2.6-1.40.17 (TeX Live 2016) (preloaded format=pdflatex 2019.10.7)  7 OCT 2019 15:46
entering extended mode
 restricted \write18 enabled.
 %&-line parsing enabled.
**Diplom-Title.tex
(./Diplom-Title.tex
LaTeX2e <2016/03/31>
Babel <3.9r> and hyphenation patterns for 3 language(s) loaded.

! LaTeX Error: Environment titlepage undefined.

See the LaTeX manual or LaTeX Companion for explanation.
Type  H <return>  for immediate help.
 ...                                              
                                                  
l.1 \begin{titlepage}
                     
Your command was ignored.
Type  I <command> <return>  to replace it with another command,
or  <return>  to continue without it.


LaTeX Font Warning: Font shape `OT1/cmr/m/n' in size <16> not available
(Font)              size <17.28> substituted on input line 2.


! LaTeX Error: Missing \begin{document}.

See the LaTeX manual or LaTeX Companion for explanation.
Type  H <return>  for immediate help.
 ...                                              
                                                  
l.5 	\begin{center}
                   
You're in trouble here.  Try typing  <return>  to proceed.
If that doesn't work, type  X <return>  to quit.


Overfull \hbox (20.0pt too wide) in paragraph at lines 5--5
[] 
 []

Missing character: There is no – in font cmr17!
Missing character: There is no ú in font cmr17!
Missing character: There is no – in font cmr17!
Missing character: There is no û in font cmr17!
Missing character: There is no – in font cmr17!
Missing character: There is no ° in font cmr17!
Missing character: There is no – in font cmr17!
Missing character: There is no ö in font cmr17!
Missing character: There is no – in font cmr17!
Missing character: There is no û in font cmr17!
Missing character: There is no – in font cmr17!
Missing character: There is no í in font cmr17!
Missing character: There is no – in font cmr17!
Missing character: There is no ° in font cmr17!
Missing character: There is no – in font cmr17!
Missing character: There is no ö in font cmr17!
Missing character: There is no – in font cmr17!
Missing character: There is no ò in font cmr17!
Missing character: There is no – in font cmr17!
Missing character: There is no ô in font cmr17!
Missing character: There is no – in font cmr17!
Missing character: There is no ì in font cmr17!
Missing character: There is no – in font cmr17!
Missing character: There is no û in font cmr17!
Missing character: There is no – in font cmr17!
Missing character: There is no ° in font cmr17!
Missing character: There is no – in font cmr17!
Missing character: There is no £ in font cmr17!
Missing character: There is no – in font cmr17!
Missing character: There is no î in font cmr17!
Missing character: There is no – in font cmr17!
Missing character: There is no ê in font cmr17!
Missing character: There is no – in font cmr17!
Missing character: There is no † in font cmr17!
Missing character: There is no – in font cmr17!
Missing character: There is no ° in font cmr17!
Missing character: There is no – in font cmr17!
Missing character: There is no ¢ in font cmr17!
Missing character: There is no – in font cmr17!
Missing character: There is no í in font cmr17!
Missing character: There is no – in font cmr17!
Missing character: There is no ï in font cmr17!
Missing character: There is no – in font cmr17!
Missing character: There is no ù in font cmr17!
Missing character: There is no – in font cmr17!
Missing character: There is no ù in font cmr17!
Missing character: There is no – in font cmr17!
Missing character: There is no ´ in font cmr17!
Missing character: There is no – in font cmr17!
Missing character: There is no ô in font cmr17!
Missing character: There is no – in font cmr17!
Missing character: There is no £ in font cmr17!
Missing character: There is no – in font cmr17!
Missing character: There is no ù in font cmr17!
Missing character: There is no – in font cmr17!
Missing character: There is no ò in font cmr17!
Missing character: There is no – in font cmr17!
Missing character: There is no í in font cmr17!
Missing character: There is no – in font cmr17!
Missing character: There is no ï in font cmr17!
Missing character: There is no – in font cmr17!
Missing character: There is no † in font cmr17!
Missing character: There is no – in font cmr17!
Missing character: There is no ° in font cmr17!
Missing character: There is no – in font cmr17!
Missing character: There is no ò in font cmr17!
Missing character: There is no – in font cmr17!
Missing character: There is no ¢ in font cmr17!
Missing character: There is no – in font cmr17!
Missing character: There is no ï in font cmr17!
Missing character: There is no – in font cmr17!
Missing character: There is no ¢ in font cmr17!
Missing character: There is no – in font cmr17!
Missing character: There is no ò in font cmr17!
Missing character: There is no – in font cmr17!
Missing character: There is no ú in font cmr17!
Missing character: There is no – in font cmr17!
Missing character: There is no ï in font cmr17!
Missing character: There is no – in font cmr17!
Missing character: There is no ù in font cmr17!
Missing character: There is no – in font cmr17!
Missing character: There is no ò in font cmr17!
Missing character: There is no – in font cmr17!
Missing character: There is no ú in font cmr17!
Missing character: There is no – in font cmr17!
Missing character: There is no í in font cmr17!
Missing character: There is no – in font cmr17!
Missing character: There is no õ in font cmr17!
Missing character: There is no – in font cmr17!
Missing character: There is no û in font cmr17!
Missing character: There is no – in font cmr17!
Missing character: There is no ú in font cmr17!
Missing character: There is no – in font cmr17!
Missing character: There is no û in font cmr17!
Missing character: There is no – in font cmr17!
Missing character: There is no ù in font cmr17!
Missing character: There is no – in font cmr17!
Missing character: There is no û in font cmr17!
Missing character: There is no – in font cmr17!
Missing character: There is no ° in font cmr17!
Missing character: There is no – in font cmr17!
Missing character: There is no û in font cmr17!
Missing character: There is no – in font cmr17!
Missing character: There is no í in font cmr17!
Missing character: There is no – in font cmr17!
Missing character: There is no ê in font cmr17!

Overfull \hbox (8.62766pt too wide) in paragraph at lines 6--7
 \OT1/cmr/m/n/17.28 .. 
 []


Overfull \hbox (20.0pt too wide) in paragraph at lines 10--10
[] 
 []

Missing character: There is no – in font cmr17!
Missing character: There is no § in font cmr17!
Missing character: There is no – in font cmr17!
Missing character: There is no ò in font cmr17!
Missing character: There is no – in font cmr17!
Missing character: There is no ó in font cmr17!
Missing character: There is no – in font cmr17!
Missing character: There is no ò in font cmr17!
Missing character: There is no – in font cmr17!
Missing character: There is no ß in font cmr17!
Missing character: There is no – in font cmr17!
Missing character: There is no ï in font cmr17!
Missing character: There is no – in font cmr17!
Missing character: There is no ° in font cmr17!
Missing character: There is no – in font cmr17!
Missing character: There is no ö in font cmr17!
Missing character: There is no – in font cmr17!
Missing character: There is no ò in font cmr17!
Missing character: There is no – in font cmr17!
Missing character: There is no ô in font cmr17!
Missing character: There is no – in font cmr17!
Missing character: There is no § in font cmr17!
Missing character: There is no – in font cmr17!
Missing character: There is no ê in font cmr17!
Missing character: There is no – in font cmr17!
Missing character: There is no ö in font cmr17!
Missing character: There is no – in font cmr17!
Missing character: There is no £ in font cmr17!
Missing character: There is no – in font cmr17!
Missing character: There is no õ in font cmr17!
Missing character: There is no – in font cmr17!
Missing character: There is no ¨ in font cmr17!
Missing character: There is no – in font cmr17!
Missing character: There is no ¢ in font cmr17!
Missing character: There is no – in font cmr17!
Missing character: There is no ï in font cmr17!
Missing character: There is no – in font cmr17!
Missing character: There is no ¢ in font cmr17!
Missing character: There is no – in font cmr17!
Missing character: There is no ö in font cmr17!
Missing character: There is no – in font cmr17!
Missing character: There is no ê in font cmr17!
Missing character: There is no – in font cmr17!
Missing character: There is no § in font cmr17!
Missing character: There is no – in font cmr17!
Missing character: There is no ï in font cmr17!
Missing character: There is no – in font cmr17!
Missing character: There is no î in font cmr17!
Missing character: There is no – in font cmr17!
Missing character: There is no † in font cmr17!
Missing character: There is no – in font cmr17!
Missing character: There is no ê in font cmr17!
Missing character: There is no – in font cmr17!
Missing character: There is no § in font cmr17!
Missing character: There is no – in font cmr17!
Missing character: There is no ò in font cmr17!
Missing character: There is no – in font cmr17!
Missing character: There is no ó in font cmr17!
Missing character: There is no – in font cmr17!
Missing character: There is no ò in font cmr17!
Missing character: There is no – in font cmr17!
Missing character: There is no ö in font cmr17!
Missing character: There is no – in font cmr17!
Missing character: There is no ò in font cmr17!
Missing character: There is no – in font cmr17!
Missing character: There is no ö in font cmr17!
Missing character: There is no – in font cmr17!
Missing character: There is no û in font cmr17!
Missing character: There is no – in font cmr17!
Missing character: There is no ° in font cmr17!
Missing character: There is no – in font cmr17!
Missing character: There is no ú in font cmr17!
Missing character: There is no – in font cmr17!
Missing character: There is no û in font cmr17!
Missing character: There is no – in font cmr17!
Missing character: There is no ° in font cmr17!
Missing character: There is no – in font cmr17!
Missing character: There is no ê in font cmr17!

Overfull \hbox (20.0pt too wide) in paragraph at lines 19--19
[] 
 []

Missing character: There is no – in font cmr17!
Missing character: There is no ö in font cmr17!
Missing character: There is no – in font cmr17!
Missing character: There is no £ in font cmr17!
Missing character: There is no – in font cmr17!
Missing character: There is no † in font cmr17!
Missing character: There is no – in font cmr17!
Missing character: There is no ° in font cmr17!
Missing character: There is no – in font cmr17!
Missing character: There is no û in font cmr17!
Missing character: There is no – in font cmr17!
Missing character: There is no í in font cmr17!
Missing character: There is no – in font cmr17!
Missing character: There is no ê in font cmr17!
Missing character: There is no – in font cmr17!
Missing character: There is no Ø in font cmr17!
Missing character: There is no – in font cmr17!
Missing character: There is no † in font cmr17!
Missing character: There is no – in font cmr17!
Missing character: There is no ê in font cmr17!
Missing character: There is no – in font cmr17!
Missing character: There is no ë in font cmr17!
Missing character: There is no – in font cmr17!
Missing character: There is no û in font cmr17!
Missing character: There is no – in font cmr17!
Missing character: There is no ¢ in font cmr17!
Missing character: There is no – in font cmr17!
Missing character: There is no ê in font cmr17!

Overfull \hbox (20.0pt too wide) in paragraph at lines 24--24
[] 
 []

Missing character: There is no – in font cmr17!
Missing character: There is no ß in font cmr17!
Missing character: There is no – in font cmr17!
Missing character: There is no µ in font cmr17!
Missing character: There is no — in font cmr17!
Missing character: There is no Ä in font cmr17!
Missing character: There is no – in font cmr17!
Missing character: There is no µ in font cmr17!
Missing character: There is no – in font cmr17!
Missing character: There is no Ω in font cmr17!
Missing character: There is no – in font cmr17!
Missing character: There is no ∫ in font cmr17!
Missing character: There is no – in font cmr17!
Missing character: There is no æ in font cmr17!
Missing character: There is no – in font cmr17!
Missing character: There is no ≤ in font cmr17!
Missing character: There is no — in font cmr17!
Missing character: There is no Å in font cmr17!
Missing character: There is no – in font cmr17!
Missing character: There is no ∫ in font cmr17!
Missing character: There is no – in font cmr17!
Missing character: There is no ∏ in font cmr17!
Missing character: There is no – in font cmr17!
Missing character: There is no µ in font cmr17!
Missing character: There is no – in font cmr17!
Missing character: There is no ¥ in font cmr17!
Missing character: There is no – in font cmr17!
Missing character: There is no µ in font cmr17!
Missing character: There is no — in font cmr17!
Missing character: There is no Ç in font cmr17!
Missing character: There is no – in font cmr17!
Missing character: There is no µ in font cmr17!
Missing character: There is no – in font cmr17!
Missing character: There is no ∫ in font cmr17!
Missing character: There is no — in font cmr17!
Missing character: There is no Ç in font cmr17!
Missing character: There is no – in font cmr17!
Missing character: There is no æ in font cmr17!
Missing character: There is no — in font cmr17!
Missing character: There is no Ä in font cmr17!
Missing character: There is no — in font cmr17!
Missing character: There is no ã in font cmr17!
Missing character: There is no – in font cmr17!
Missing character: There is no ≤ in font cmr17!
Missing character: There is no — in font cmr17!
Missing character: There is no Å in font cmr17!
Missing character: There is no – in font cmr17!
Missing character: There is no ø in font cmr17!
Missing character: There is no – in font cmr17!
Missing character: There is no µ in font cmr17!
Missing character: There is no – in font cmr17!
Missing character: There is no ∫ in font cmr17!
Missing character: There is no — in font cmr17!
Missing character: There is no Ç in font cmr17!
Missing character: There is no — in font cmr17!
Missing character: There is no Ä in font cmr17!
Missing character: There is no – in font cmr17!
Missing character: There is no æ in font cmr17!
Missing character: There is no – in font cmr17!
Missing character: There is no º in font cmr17!
Missing character: There is no – in font cmr17!
Missing character: There is no µ in font cmr17!
Missing character: There is no — in font cmr17!
Missing character: There is no Ç in font cmr17!
Missing character: There is no — in font cmr17!
Missing character: There is no Ä in font cmr17!
Missing character: There is no – in font cmr17!
Missing character: There is no ∏ in font cmr17!
Missing character: There is no – in font cmr17!
Missing character: There is no ∏ in font cmr17!
Missing character: There is no — in font cmr17!
Missing character: There is no ç in font cmr17!
Missing character: There is no – in font cmr17!
Missing character: There is no ª in font cmr17!
Missing character: There is no – in font cmr17!
Missing character: There is no µ in font cmr17!
Missing character: There is no – in font cmr17!
Missing character: There is no ∫ in font cmr17!
Missing character: There is no — in font cmr17!
Missing character: There is no Ç in font cmr17!
Missing character: There is no — in font cmr17!
Missing character: There is no Ä in font cmr17!
Missing character: There is no – in font cmr17!
Missing character: There is no æ in font cmr17!
Missing character: There is no – in font cmr17!
Missing character: There is no Ω in font cmr17!
Missing character: There is no – in font cmr17!
Missing character: There is no æ in font cmr17!
Missing character: There is no – in font cmr17!
Missing character: There is no ≤ in font cmr17!
Missing character: There is no – in font cmr17!
Missing character: There is no ≤ in font cmr17!
Missing character: There is no – in font cmr17!
Missing character: There is no ¥ in font cmr17!
Missing character: There is no – in font cmr17!
Missing character: There is no ∏ in font cmr17!
Missing character: There is no – in font cmr17!
Missing character: There is no ∞ in font cmr17!
Missing character: There is no – in font cmr17!
Missing character: There is no ø in font cmr17!
Missing character: There is no – in font cmr17!
Missing character: There is no ∞ in font cmr17!
Missing character: There is no – in font cmr17!
Missing character: There is no ∑ in font cmr17!
Missing character: There is no – in font cmr17!
Missing character: There is no æ in font cmr17!
Missing character: There is no – in font cmr17!
Missing character: There is no Ω in font cmr17!
Missing character: There is no – in font cmr17!
Missing character: There is no µ in font cmr17!
Missing character: There is no – in font cmr17!
Missing character: There is no ú in font cmr17!
Missing character: There is no — in font cmr17!
Missing character: There is no ç in font cmr17!
Missing character: There is no – in font cmr17!
Missing character: There is no í in font cmr17!

Overfull \hbox (15.84982pt too wide) in paragraph at lines 25--26
 \OT1/cmr/m/n/17.28 1-- 
 []


Overfull \hbox (15.84982pt too wide) in paragraph at lines 25--26
 \OT1/cmr/m/n/17.28 10 
 []

\lbox=\box26
Missing character: There is no – in font cmr17!
Missing character: There is no ò in font cmr17!
Missing character: There is no – in font cmr17!
Missing character: There is no ª in font cmr17!
Missing character: There is no — in font cmr17!
Missing character: There is no å in font cmr17!
Missing character: There is no — in font cmr17!
Missing character: There is no è in font cmr17!
Missing character: There is no – in font cmr17!
Missing character: There is no ê in font cmr17!
Missing character: There is no – in font cmr17!
Missing character: There is no ª in font cmr17!
Missing character: There is no – in font cmr17!
Missing character: There is no µ in font cmr17!
Missing character: There is no – in font cmr17!
Missing character: There is no ∫ in font cmr17!
Missing character: There is no — in font cmr17!
Missing character: There is no Å in font cmr17!
Missing character: There is no – in font cmr17!
Missing character: There is no ∞ in font cmr17!
Missing character: There is no – in font cmr17!
Missing character: There is no Ω in font cmr17!
Missing character: There is no – in font cmr17!
Missing character: There is no ¥ in font cmr17!
Missing character: There is no — in font cmr17!
Missing character: There is no Ä in font cmr17!
Missing character: There is no – in font cmr17!
Missing character: There is no æ in font cmr17!
Missing character: There is no – in font cmr17!
Missing character: There is no ≤ in font cmr17!
Missing character: There is no – in font cmr17!
Missing character: There is no ∏ in font cmr17!
Missing character: There is no — in font cmr17!
Missing character: There is no á in font cmr17!
Missing character: There is no – in font cmr17!
Missing character: There is no † in font cmr17!
Missing character: There is no — in font cmr17!
Missing character: There is no É in font cmr17!
Missing character: There is no – in font cmr17!
Missing character: There is no ± in font cmr17!
Missing character: There is no – in font cmr17!
Missing character: There is no ∏ in font cmr17!
Missing character: There is no – in font cmr17!
Missing character: There is no Ω in font cmr17!
Missing character: There is no — in font cmr17!
Missing character: There is no à in font cmr17!
Missing character: There is no — in font cmr17!
Missing character: There is no Ç in font cmr17!
Missing character: There is no – in font cmr17!
Missing character: There is no µ in font cmr17!
Missing character: There is no – in font cmr17!
Missing character: There is no π in font cmr17!
Missing character: There is no – in font cmr17!
Missing character: There is no Ω in font cmr17!
\maxl=\skip41
Missing character: There is no – in font cmr17!
Missing character: There is no ° in font cmr17!
Missing character: There is no — in font cmr17!
Missing character: There is no Ç in font cmr17!
Missing character: There is no — in font cmr17!
Missing character: There is no É in font cmr17!
Missing character: There is no – in font cmr17!
Missing character: There is no ¥ in font cmr17!
Missing character: There is no – in font cmr17!
Missing character: There is no µ in font cmr17!
Missing character: There is no – in font cmr17!
Missing character: There is no Ω in font cmr17!
Missing character: There is no — in font cmr17!
Missing character: There is no Ç in font cmr17!
Missing character: There is no – in font cmr17!
Missing character: There is no ê in font cmr17!
Missing character: There is no – in font cmr17!
Missing character: There is no ª in font cmr17!
Missing character: There is no – in font cmr17!
Missing character: There is no µ in font cmr17!
Missing character: There is no – in font cmr17!
Missing character: There is no ∫ in font cmr17!
Missing character: There is no — in font cmr17!
Missing character: There is no Å in font cmr17!
Missing character: There is no – in font cmr17!
Missing character: There is no ∞ in font cmr17!
Missing character: There is no – in font cmr17!
Missing character: There is no Ω in font cmr17!
Missing character: There is no – in font cmr17!
Missing character: There is no ¥ in font cmr17!
Missing character: There is no — in font cmr17!
Missing character: There is no Ä in font cmr17!
Missing character: There is no – in font cmr17!
Missing character: There is no Æ in font cmr17!
Missing character: There is no — in font cmr17!
Missing character: There is no Ä in font cmr17!
Missing character: There is no — in font cmr17!
Missing character: There is no å in font cmr17!
Missing character: There is no – in font cmr17!
Missing character: There is no µ in font cmr17!
Missing character: There is no – in font cmr17!
Missing character: There is no ≤ in font cmr17!
Missing character: There is no – in font cmr17!
Missing character: There is no ∏ in font cmr17!
Missing character: There is no — in font cmr17!
Missing character: There is no á in font cmr17!
Missing character: There is no – in font cmr17!
Missing character: There is no † in font cmr17!
Missing character: There is no – in font cmr17!
Missing character: There is no ∞ in font cmr17!
Missing character: There is no – in font cmr17!
Missing character: There is no ∑ in font cmr17!
Missing character: There is no — in font cmr17!
Missing character: There is no É in font cmr17!
Missing character: There is no – in font cmr17!
Missing character: There is no º in font cmr17!
Missing character: There is no – in font cmr17!
Missing character: There is no æ in font cmr17!
Missing character: There is no – in font cmr17!
Missing character: There is no ≤ in font cmr17!
Missing character: There is no – in font cmr17!
Missing character: There is no ü in font cmr17!
Missing character: There is no — in font cmr17!
Missing character: There is no Ä in font cmr17!
Missing character: There is no – in font cmr17!
Missing character: There is no µ in font cmr17!
Missing character: There is no – in font cmr17!
Missing character: There is no ø in font cmr17!
Missing character: There is no – in font cmr17!
Missing character: There is no æ in font cmr17!
Missing character: There is no – in font cmr17!
Missing character: There is no ¥ in font cmr17!
Missing character: There is no – in font cmr17!
Missing character: There is no ∞ in font cmr17!
Missing character: There is no – in font cmr17!
Missing character: There is no ≤ in font cmr17!
Missing character: There is no – in font cmr17!
Missing character: There is no ∞ in font cmr17!
Missing character: There is no — in font cmr17!
Missing character: There is no Ç in font cmr17!
Missing character: There is no – in font cmr17!
Missing character: There is no µ in font cmr17!
Missing character: There is no – in font cmr17!
Missing character: There is no ª in font cmr17!
Missing character: There is no — in font cmr17!
Missing character: There is no å in font cmr17!
Missing character: There is no – in font cmr17!
Missing character: There is no ò in font cmr17!
Missing character: There is no – in font cmr17!
Missing character: There is no ª in font cmr17!
Missing character: There is no — in font cmr17!
Missing character: There is no å in font cmr17!
Missing character: There is no — in font cmr17!
Missing character: There is no è in font cmr17!
Missing character: There is no – in font cmr17!
Missing character: There is no ê in font cmr17!
Missing character: There is no – in font cmr17!
Missing character: There is no ª in font cmr17!
Missing character: There is no – in font cmr17!
Missing character: There is no µ in font cmr17!
Missing character: There is no – in font cmr17!
Missing character: There is no ∫ in font cmr17!
Missing character: There is no — in font cmr17!
Missing character: There is no Å in font cmr17!
Missing character: There is no – in font cmr17!
Missing character: There is no ∞ in font cmr17!
Missing character: There is no – in font cmr17!
Missing character: There is no Ω in font cmr17!
Missing character: There is no – in font cmr17!
Missing character: There is no ¥ in font cmr17!
Missing character: There is no — in font cmr17!
Missing character: There is no Ä in font cmr17!
Missing character: There is no – in font cmr17!
Missing character: There is no æ in font cmr17!
Missing character: There is no – in font cmr17!
Missing character: There is no ≤ in font cmr17!
Missing character: There is no – in font cmr17!
Missing character: There is no ∏ in font cmr17!
Missing character: There is no — in font cmr17!
Missing character: There is no á in font cmr17!
Missing character: There is no – in font cmr17!
Missing character: There is no † in font cmr17!
Missing character: There is no — in font cmr17!
Missing character: There is no É in font cmr17!
Missing character: There is no – in font cmr17!
Missing character: There is no ± in font cmr17!
Missing character: There is no – in font cmr17!
Missing character: There is no ∏ in font cmr17!
Missing character: There is no – in font cmr17!
Missing character: There is no Ω in font cmr17!
Missing character: There is no — in font cmr17!
Missing character: There is no à in font cmr17!
Missing character: There is no — in font cmr17!
Missing character: There is no Ç in font cmr17!
Missing character: There is no – in font cmr17!
Missing character: There is no µ in font cmr17!
Missing character: There is no – in font cmr17!
Missing character: There is no π in font cmr17!
Missing character: There is no – in font cmr17!
Missing character: There is no Ω in font cmr17!
Missing character: There is no – in font cmr17!
Missing character: There is no ì in font cmr17!
Missing character: There is no — in font cmr17!
Missing character: There is no Ä in font cmr17!
Missing character: There is no — in font cmr17!
Missing character: There is no É in font cmr17!
Missing character: There is no – in font cmr17!
Missing character: There is no ø in font cmr17!
Missing character: There is no – in font cmr17!
Missing character: There is no ø in font cmr17!
Missing character: There is no – in font cmr17!
Missing character: There is no ∞ in font cmr17!

Overfull \hbox (13.3415pt too wide) detected at line 38
\OT1/cmr/m/n/17.28 205
 []


Underfull \hbox (badness 10000) in paragraph at lines 38--38

 []


Underfull \hbox (badness 10000) in paragraph at lines 38--38

 []

LaTeX Font Info:    Calculating math sizes for size <16> on input line 38.

LaTeX Font Warning: Font shape `OML/cmm/m/it' in size <16> not available
(Font)              size <17.28> substituted on input line 38.


LaTeX Font Warning: Font shape `OMS/cmsy/m/n' in size <16> not available
(Font)              size <17.28> substituted on input line 38.

LaTeX Font Info:    External font `cmex10' loaded for size
(Font)              <16> on input line 38.
LaTeX Font Info:    External font `cmex10' loaded for size
(Font)              <11.19995> on input line 38.
LaTeX Font Info:    External font `cmex10' loaded for size
(Font)              <8> on input line 38.

Overfull \hbox (20.0pt too wide) in paragraph at lines 33--40
[]
 []


Overfull \hbox (312.9803pt too wide) in paragraph at lines 33--40
[]$
 []


Overfull \hbox (20.0pt too wide) in paragraph at lines 41--41
[] 
 []

Missing character: There is no – in font cmr17!
Missing character: There is no ú in font cmr17!
Missing character: There is no – in font cmr17!
Missing character: There is no æ in font cmr17!
Missing character: There is no — in font cmr17!
Missing character: There is no Å in font cmr17!
Missing character: There is no – in font cmr17!
Missing character: There is no ∫ in font cmr17!
Missing character: There is no – in font cmr17!
Missing character: There is no ≤ in font cmr17!
Missing character: There is no – in font cmr17!
Missing character: There is no ∞ in font cmr17!

Overfull \hbox (31.69965pt too wide) in paragraph at lines 42--43
 []\OT1/cmr/m/n/17.28 2018 
 []


! LaTeX Error: \begin{document} ended by \end{titlepage}.

See the LaTeX manual or LaTeX Companion for explanation.
Type  H <return>  for immediate help.
 ...                                              
                                                  
l.46 \end{titlepage}
                    
Your command was ignored.
Type  I <command> <return>  to replace it with another command,
or  <return>  to continue without it.

)
! Emergency stop.
<*> Diplom-Title.tex
                    
*** (job aborted, no legal \end found)

 
Here is how much of TeX's memory you used:
 34 strings out of 494946
 512 string characters out of 6180981
 47225 words of memory out of 5000000
 3423 multiletter control sequences out of 15000+600000
 6382 words of font info for 23 fonts, out of 8000000 for 9000
 14 hyphenation exceptions out of 8191
 20i,3n,17p,155b,144s stack positions out of 5000i,500n,10000p,200000b,80000s
!  ==> Fatal error occurred, no output PDF file produced!
