This is pdfTeX, Version 3.14159265-2.6-1.40.17 (TeX Live 2016) (preloaded format=pdflatex 2019.10.7)  7 OCT 2019 16:13
entering extended mode
 restricted \write18 enabled.
 %&-line parsing enabled.
**"РћРїСЂРµРґРµР»РµРЅРёРµ СЌРЅРµСЂРіРµС‚РёС‡РµСЃРєРѕРіРѕ СЂР°Р·СЂРµС€РµРЅРёСЏ С
‡РµСЂРµРЅРєРѕРІСЃРєРѕРіРѕ РґРµС‚РµРєС‚РѕСЂР° РґР»СЏ СЂРµРіРёСЃС‚СЂР°С†РёРё СЃРї
РµРєС‚СЂРѕРІ СЌР»РµРєС‚СЂРѕРЅРѕРІ РІ РґРёР°РїР°Р·РѕРЅРµ 1-10 РњСЌР’.tex"

(./РћРїСЂРµРґРµР»РµРЅРёРµ СЌРЅРµСЂРіРµС‚РёС‡РµСЃРєРѕРіРѕ СЂР°Р·СЂРµС€РµРЅРёСЏ С
‡РµСЂРµРЅРєРѕРІСЃРєРѕРіРѕ РґРµС‚РµРєС‚РѕСЂР° РґР»СЏ СЂРµРіРёСЃС‚СЂР°С†РёРё СЃРї
РµРєС‚СЂРѕРІ СЌР»РµРєС‚СЂРѕРЅРѕРІ РІ РґРёР°РїР°Р·РѕРЅРµ 1-10 РњСЌР’.tex
LaTeX2e <2016/03/31>
Babel <3.9r> and hyphenation patterns for 3 language(s) loaded.
(/usr/share/texlive/texmf-dist/tex/latex/base/article.cls
Document Class: article 2014/09/29 v1.4h Standard LaTeX document class
(/usr/share/texlive/texmf-dist/tex/latex/base/size10.clo
File: size10.clo 2014/09/29 v1.4h Standard LaTeX file (size option)
)
\c@part=\count79
\c@section=\count80
\c@subsection=\count81
\c@subsubsection=\count82
\c@paragraph=\count83
\c@subparagraph=\count84
\c@figure=\count85
\c@table=\count86
\abovecaptionskip=\skip41
\belowcaptionskip=\skip42
\bibindent=\dimen102
)
(/usr/share/texlive/texmf-dist/tex/latex/base/inputenc.sty
Package: inputenc 2015/03/17 v1.2c Input encoding file
\inpenc@prehook=\toks14
\inpenc@posthook=\toks15

(/usr/share/texlive/texmf-dist/tex/latex/base/utf8.def
File: utf8.def 2016/02/28 v1.1s UTF-8 support for inputenc
Now handling font encoding OML ...
... no UTF-8 mapping file for font encoding OML
Now handling font encoding T1 ...
... processing UTF-8 mapping file for font encoding T1

(/usr/share/texlive/texmf-dist/tex/latex/base/t1enc.dfu
File: t1enc.dfu 2016/02/28 v1.1s UTF-8 support for inputenc
   defining Unicode char U+00A0 (decimal 160)
   defining Unicode char U+00A1 (decimal 161)
   defining Unicode char U+00A3 (decimal 163)
   defining Unicode char U+00AB (decimal 171)
   defining Unicode char U+00AD (decimal 173)
   defining Unicode char U+00BB (decimal 187)
   defining Unicode char U+00BF (decimal 191)
   defining Unicode char U+00C0 (decimal 192)
   defining Unicode char U+00C1 (decimal 193)
   defining Unicode char U+00C2 (decimal 194)
   defining Unicode char U+00C3 (decimal 195)
   defining Unicode char U+00C4 (decimal 196)
   defining Unicode char U+00C5 (decimal 197)
   defining Unicode char U+00C6 (decimal 198)
   defining Unicode char U+00C7 (decimal 199)
   defining Unicode char U+00C8 (decimal 200)
   defining Unicode char U+00C9 (decimal 201)
   defining Unicode char U+00CA (decimal 202)
   defining Unicode char U+00CB (decimal 203)
   defining Unicode char U+00CC (decimal 204)
   defining Unicode char U+00CD (decimal 205)
   defining Unicode char U+00CE (decimal 206)
   defining Unicode char U+00CF (decimal 207)
   defining Unicode char U+00D0 (decimal 208)
   defining Unicode char U+00D1 (decimal 209)
   defining Unicode char U+00D2 (decimal 210)
   defining Unicode char U+00D3 (decimal 211)
   defining Unicode char U+00D4 (decimal 212)
   defining Unicode char U+00D5 (decimal 213)
   defining Unicode char U+00D6 (decimal 214)
   defining Unicode char U+00D8 (decimal 216)
   defining Unicode char U+00D9 (decimal 217)
   defining Unicode char U+00DA (decimal 218)
   defining Unicode char U+00DB (decimal 219)
   defining Unicode char U+00DC (decimal 220)
   defining Unicode char U+00DD (decimal 221)
   defining Unicode char U+00DE (decimal 222)
   defining Unicode char U+00DF (decimal 223)
   defining Unicode char U+00E0 (decimal 224)
   defining Unicode char U+00E1 (decimal 225)
   defining Unicode char U+00E2 (decimal 226)
   defining Unicode char U+00E3 (decimal 227)
   defining Unicode char U+00E4 (decimal 228)
   defining Unicode char U+00E5 (decimal 229)
   defining Unicode char U+00E6 (decimal 230)
   defining Unicode char U+00E7 (decimal 231)
   defining Unicode char U+00E8 (decimal 232)
   defining Unicode char U+00E9 (decimal 233)
   defining Unicode char U+00EA (decimal 234)
   defining Unicode char U+00EB (decimal 235)
   defining Unicode char U+00EC (decimal 236)
   defining Unicode char U+00ED (decimal 237)
   defining Unicode char U+00EE (decimal 238)
   defining Unicode char U+00EF (decimal 239)
   defining Unicode char U+00F0 (decimal 240)
   defining Unicode char U+00F1 (decimal 241)
   defining Unicode char U+00F2 (decimal 242)
   defining Unicode char U+00F3 (decimal 243)
   defining Unicode char U+00F4 (decimal 244)
   defining Unicode char U+00F5 (decimal 245)
   defining Unicode char U+00F6 (decimal 246)
   defining Unicode char U+00F8 (decimal 248)
   defining Unicode char U+00F9 (decimal 249)
   defining Unicode char U+00FA (decimal 250)
   defining Unicode char U+00FB (decimal 251)
   defining Unicode char U+00FC (decimal 252)
   defining Unicode char U+00FD (decimal 253)
   defining Unicode char U+00FE (decimal 254)
   defining Unicode char U+00FF (decimal 255)
   defining Unicode char U+0100 (decimal 256)
   defining Unicode char U+0101 (decimal 257)
   defining Unicode char U+0102 (decimal 258)
   defining Unicode char U+0103 (decimal 259)
   defining Unicode char U+0104 (decimal 260)
   defining Unicode char U+0105 (decimal 261)
   defining Unicode char U+0106 (decimal 262)
   defining Unicode char U+0107 (decimal 263)
   defining Unicode char U+0108 (decimal 264)
   defining Unicode char U+0109 (decimal 265)
   defining Unicode char U+010A (decimal 266)
   defining Unicode char U+010B (decimal 267)
   defining Unicode char U+010C (decimal 268)
   defining Unicode char U+010D (decimal 269)
   defining Unicode char U+010E (decimal 270)
   defining Unicode char U+010F (decimal 271)
   defining Unicode char U+0110 (decimal 272)
   defining Unicode char U+0111 (decimal 273)
   defining Unicode char U+0112 (decimal 274)
   defining Unicode char U+0113 (decimal 275)
   defining Unicode char U+0114 (decimal 276)
   defining Unicode char U+0115 (decimal 277)
   defining Unicode char U+0116 (decimal 278)
   defining Unicode char U+0117 (decimal 279)
   defining Unicode char U+0118 (decimal 280)
   defining Unicode char U+0119 (decimal 281)
   defining Unicode char U+011A (decimal 282)
   defining Unicode char U+011B (decimal 283)
   defining Unicode char U+011C (decimal 284)
   defining Unicode char U+011D (decimal 285)
   defining Unicode char U+011E (decimal 286)
   defining Unicode char U+011F (decimal 287)
   defining Unicode char U+0120 (decimal 288)
   defining Unicode char U+0121 (decimal 289)
   defining Unicode char U+0122 (decimal 290)
   defining Unicode char U+0123 (decimal 291)
   defining Unicode char U+0124 (decimal 292)
   defining Unicode char U+0125 (decimal 293)
   defining Unicode char U+0128 (decimal 296)
   defining Unicode char U+0129 (decimal 297)
   defining Unicode char U+012A (decimal 298)
   defining Unicode char U+012B (decimal 299)
   defining Unicode char U+012C (decimal 300)
   defining Unicode char U+012D (decimal 301)
   defining Unicode char U+012E (decimal 302)
   defining Unicode char U+012F (decimal 303)
   defining Unicode char U+0130 (decimal 304)
   defining Unicode char U+0131 (decimal 305)
   defining Unicode char U+0132 (decimal 306)
   defining Unicode char U+0133 (decimal 307)
   defining Unicode char U+0134 (decimal 308)
   defining Unicode char U+0135 (decimal 309)
   defining Unicode char U+0136 (decimal 310)
   defining Unicode char U+0137 (decimal 311)
   defining Unicode char U+0139 (decimal 313)
   defining Unicode char U+013A (decimal 314)
   defining Unicode char U+013B (decimal 315)
   defining Unicode char U+013C (decimal 316)
   defining Unicode char U+013D (decimal 317)
   defining Unicode char U+013E (decimal 318)
   defining Unicode char U+0141 (decimal 321)
   defining Unicode char U+0142 (decimal 322)
   defining Unicode char U+0143 (decimal 323)
   defining Unicode char U+0144 (decimal 324)
   defining Unicode char U+0145 (decimal 325)
   defining Unicode char U+0146 (decimal 326)
   defining Unicode char U+0147 (decimal 327)
   defining Unicode char U+0148 (decimal 328)
   defining Unicode char U+014A (decimal 330)
   defining Unicode char U+014B (decimal 331)
   defining Unicode char U+014C (decimal 332)
   defining Unicode char U+014D (decimal 333)
   defining Unicode char U+014E (decimal 334)
   defining Unicode char U+014F (decimal 335)
   defining Unicode char U+0150 (decimal 336)
   defining Unicode char U+0151 (decimal 337)
   defining Unicode char U+0152 (decimal 338)
   defining Unicode char U+0153 (decimal 339)
   defining Unicode char U+0154 (decimal 340)
   defining Unicode char U+0155 (decimal 341)
   defining Unicode char U+0156 (decimal 342)
   defining Unicode char U+0157 (decimal 343)
   defining Unicode char U+0158 (decimal 344)
   defining Unicode char U+0159 (decimal 345)
   defining Unicode char U+015A (decimal 346)
   defining Unicode char U+015B (decimal 347)
   defining Unicode char U+015C (decimal 348)
   defining Unicode char U+015D (decimal 349)
   defining Unicode char U+015E (decimal 350)
   defining Unicode char U+015F (decimal 351)
   defining Unicode char U+0160 (decimal 352)
   defining Unicode char U+0161 (decimal 353)
   defining Unicode char U+0162 (decimal 354)
   defining Unicode char U+0163 (decimal 355)
   defining Unicode char U+0164 (decimal 356)
   defining Unicode char U+0165 (decimal 357)
   defining Unicode char U+0168 (decimal 360)
   defining Unicode char U+0169 (decimal 361)
   defining Unicode char U+016A (decimal 362)
   defining Unicode char U+016B (decimal 363)
   defining Unicode char U+016C (decimal 364)
   defining Unicode char U+016D (decimal 365)
   defining Unicode char U+016E (decimal 366)
   defining Unicode char U+016F (decimal 367)
   defining Unicode char U+0170 (decimal 368)
   defining Unicode char U+0171 (decimal 369)
   defining Unicode char U+0172 (decimal 370)
   defining Unicode char U+0173 (decimal 371)
   defining Unicode char U+0174 (decimal 372)
   defining Unicode char U+0175 (decimal 373)
   defining Unicode char U+0176 (decimal 374)
   defining Unicode char U+0177 (decimal 375)
   defining Unicode char U+0178 (decimal 376)
   defining Unicode char U+0179 (decimal 377)
   defining Unicode char U+017A (decimal 378)
   defining Unicode char U+017B (decimal 379)
   defining Unicode char U+017C (decimal 380)
   defining Unicode char U+017D (decimal 381)
   defining Unicode char U+017E (decimal 382)
   defining Unicode char U+01CD (decimal 461)
   defining Unicode char U+01CE (decimal 462)
   defining Unicode char U+01CF (decimal 463)
   defining Unicode char U+01D0 (decimal 464)
   defining Unicode char U+01D1 (decimal 465)
   defining Unicode char U+01D2 (decimal 466)
   defining Unicode char U+01D3 (decimal 467)
   defining Unicode char U+01D4 (decimal 468)
   defining Unicode char U+01E2 (decimal 482)
   defining Unicode char U+01E3 (decimal 483)
   defining Unicode char U+01E6 (decimal 486)
   defining Unicode char U+01E7 (decimal 487)
   defining Unicode char U+01E8 (decimal 488)
   defining Unicode char U+01E9 (decimal 489)
   defining Unicode char U+01EA (decimal 490)
   defining Unicode char U+01EB (decimal 491)
   defining Unicode char U+01F0 (decimal 496)
   defining Unicode char U+01F4 (decimal 500)
   defining Unicode char U+01F5 (decimal 501)
   defining Unicode char U+0218 (decimal 536)
   defining Unicode char U+0219 (decimal 537)
   defining Unicode char U+021A (decimal 538)
   defining Unicode char U+021B (decimal 539)
   defining Unicode char U+1E02 (decimal 7682)
   defining Unicode char U+1E03 (decimal 7683)
   defining Unicode char U+200C (decimal 8204)
   defining Unicode char U+2010 (decimal 8208)
   defining Unicode char U+2011 (decimal 8209)
   defining Unicode char U+2012 (decimal 8210)
   defining Unicode char U+2013 (decimal 8211)
   defining Unicode char U+2014 (decimal 8212)
   defining Unicode char U+2015 (decimal 8213)
   defining Unicode char U+2018 (decimal 8216)
   defining Unicode char U+2019 (decimal 8217)
   defining Unicode char U+201A (decimal 8218)
   defining Unicode char U+201C (decimal 8220)
   defining Unicode char U+201D (decimal 8221)
   defining Unicode char U+201E (decimal 8222)
   defining Unicode char U+2030 (decimal 8240)
   defining Unicode char U+2031 (decimal 8241)
   defining Unicode char U+2039 (decimal 8249)
   defining Unicode char U+203A (decimal 8250)
   defining Unicode char U+2423 (decimal 9251)
)
Now handling font encoding OT1 ...
... processing UTF-8 mapping file for font encoding OT1

(/usr/share/texlive/texmf-dist/tex/latex/base/ot1enc.dfu
File: ot1enc.dfu 2016/02/28 v1.1s UTF-8 support for inputenc
   defining Unicode char U+00A0 (decimal 160)
   defining Unicode char U+00A1 (decimal 161)
   defining Unicode char U+00A3 (decimal 163)
   defining Unicode char U+00AD (decimal 173)
   defining Unicode char U+00B8 (decimal 184)
   defining Unicode char U+00BF (decimal 191)
   defining Unicode char U+00C5 (decimal 197)
   defining Unicode char U+00C6 (decimal 198)
   defining Unicode char U+00D8 (decimal 216)
   defining Unicode char U+00DF (decimal 223)
   defining Unicode char U+00E6 (decimal 230)
   defining Unicode char U+00EC (decimal 236)
   defining Unicode char U+00ED (decimal 237)
   defining Unicode char U+00EE (decimal 238)
   defining Unicode char U+00EF (decimal 239)
   defining Unicode char U+00F8 (decimal 248)
   defining Unicode char U+0131 (decimal 305)
   defining Unicode char U+0141 (decimal 321)
   defining Unicode char U+0142 (decimal 322)
   defining Unicode char U+0152 (decimal 338)
   defining Unicode char U+0153 (decimal 339)
   defining Unicode char U+0174 (decimal 372)
   defining Unicode char U+0175 (decimal 373)
   defining Unicode char U+0176 (decimal 374)
   defining Unicode char U+0177 (decimal 375)
   defining Unicode char U+0218 (decimal 536)
   defining Unicode char U+0219 (decimal 537)
   defining Unicode char U+021A (decimal 538)
   defining Unicode char U+021B (decimal 539)
   defining Unicode char U+2013 (decimal 8211)
   defining Unicode char U+2014 (decimal 8212)
   defining Unicode char U+2018 (decimal 8216)
   defining Unicode char U+2019 (decimal 8217)
   defining Unicode char U+201C (decimal 8220)
   defining Unicode char U+201D (decimal 8221)
)
Now handling font encoding OMS ...
... processing UTF-8 mapping file for font encoding OMS

(/usr/share/texlive/texmf-dist/tex/latex/base/omsenc.dfu
File: omsenc.dfu 2016/02/28 v1.1s UTF-8 support for inputenc
   defining Unicode char U+00A7 (decimal 167)
   defining Unicode char U+00B6 (decimal 182)
   defining Unicode char U+00B7 (decimal 183)
   defining Unicode char U+2020 (decimal 8224)
   defining Unicode char U+2021 (decimal 8225)
   defining Unicode char U+2022 (decimal 8226)
)
Now handling font encoding OMX ...
... no UTF-8 mapping file for font encoding OMX
Now handling font encoding U ...
... no UTF-8 mapping file for font encoding U
   defining Unicode char U+00A9 (decimal 169)
   defining Unicode char U+00AA (decimal 170)
   defining Unicode char U+00AE (decimal 174)
   defining Unicode char U+00BA (decimal 186)
   defining Unicode char U+02C6 (decimal 710)
   defining Unicode char U+02DC (decimal 732)
   defining Unicode char U+200C (decimal 8204)
   defining Unicode char U+2026 (decimal 8230)
   defining Unicode char U+2122 (decimal 8482)
   defining Unicode char U+2423 (decimal 9251)
))
(/usr/share/texlive/texmf-dist/tex/generic/babel/babel.sty
Package: babel 2016/04/23 3.9r The Babel package

(/usr/share/texlive/texmf-dist/tex/generic/babel-russian/russianb.ldf
Language: russianb 2016/02/18 1.3h Russian support for the Babel system

(/usr/share/texlive/texmf-dist/tex/generic/babel/babel.def
File: babel.def 2016/04/23 3.9r Babel common definitions
\babel@savecnt=\count87
\U@D=\dimen103
)

Package babel Warning: No hyphenation patterns were preloaded for
(babel)                the language `Russian' into the format.
(babel)                Please, configure your TeX system to add them and
(babel)                rebuild the format. Now I will use the patterns
(babel)                preloaded for english instead on input line 26.

\l@russian = a dialect from \language0

Package babel Warning: No Cyrillic font encoding has been loaded so far.
(babel)                A font encoding should be declared before babel.
(babel)                Default `T2A' encoding will be loaded  on input line 69.


(/usr/share/texlive/texmf-dist/tex/latex/cyrillic/t2aenc.def
File: t2aenc.def 2005/09/27 v1.0i Cyrillic encoding definition file
Now handling font encoding T2A ...
... processing UTF-8 mapping file for font encoding T2A

(/usr/share/texlive/texmf-dist/tex/latex/base/t2aenc.dfu
File: t2aenc.dfu 2016/02/28 v1.1s UTF-8 support for inputenc
   defining Unicode char U+00A4 (decimal 164)
   defining Unicode char U+00A7 (decimal 167)
   defining Unicode char U+00AB (decimal 171)
   defining Unicode char U+00BB (decimal 187)
   defining Unicode char U+0131 (decimal 305)
   defining Unicode char U+0400 (decimal 1024)
   defining Unicode char U+0401 (decimal 1025)
   defining Unicode char U+0402 (decimal 1026)
   defining Unicode char U+0403 (decimal 1027)
   defining Unicode char U+0404 (decimal 1028)
   defining Unicode char U+0405 (decimal 1029)
   defining Unicode char U+0406 (decimal 1030)
   defining Unicode char U+0407 (decimal 1031)
   defining Unicode char U+0408 (decimal 1032)
   defining Unicode char U+0409 (decimal 1033)
   defining Unicode char U+040A (decimal 1034)
   defining Unicode char U+040B (decimal 1035)
   defining Unicode char U+040C (decimal 1036)
   defining Unicode char U+040D (decimal 1037)
   defining Unicode char U+040E (decimal 1038)
   defining Unicode char U+040F (decimal 1039)
   defining Unicode char U+0410 (decimal 1040)
   defining Unicode char U+0411 (decimal 1041)
   defining Unicode char U+0412 (decimal 1042)
   defining Unicode char U+0413 (decimal 1043)
   defining Unicode char U+0414 (decimal 1044)
   defining Unicode char U+0415 (decimal 1045)
   defining Unicode char U+0416 (decimal 1046)
   defining Unicode char U+0417 (decimal 1047)
   defining Unicode char U+0418 (decimal 1048)
   defining Unicode char U+0419 (decimal 1049)
   defining Unicode char U+041A (decimal 1050)
   defining Unicode char U+041B (decimal 1051)
   defining Unicode char U+041C (decimal 1052)
   defining Unicode char U+041D (decimal 1053)
   defining Unicode char U+041E (decimal 1054)
   defining Unicode char U+041F (decimal 1055)
   defining Unicode char U+0420 (decimal 1056)
   defining Unicode char U+0421 (decimal 1057)
   defining Unicode char U+0422 (decimal 1058)
   defining Unicode char U+0423 (decimal 1059)
   defining Unicode char U+0424 (decimal 1060)
   defining Unicode char U+0425 (decimal 1061)
   defining Unicode char U+0426 (decimal 1062)
   defining Unicode char U+0427 (decimal 1063)
   defining Unicode char U+0428 (decimal 1064)
   defining Unicode char U+0429 (decimal 1065)
   defining Unicode char U+042A (decimal 1066)
   defining Unicode char U+042B (decimal 1067)
   defining Unicode char U+042C (decimal 1068)
   defining Unicode char U+042D (decimal 1069)
   defining Unicode char U+042E (decimal 1070)
   defining Unicode char U+042F (decimal 1071)
   defining Unicode char U+0430 (decimal 1072)
   defining Unicode char U+0431 (decimal 1073)
   defining Unicode char U+0432 (decimal 1074)
   defining Unicode char U+0433 (decimal 1075)
   defining Unicode char U+0434 (decimal 1076)
   defining Unicode char U+0435 (decimal 1077)
   defining Unicode char U+0436 (decimal 1078)
   defining Unicode char U+0437 (decimal 1079)
   defining Unicode char U+0438 (decimal 1080)
   defining Unicode char U+0439 (decimal 1081)
   defining Unicode char U+043A (decimal 1082)
   defining Unicode char U+043B (decimal 1083)
   defining Unicode char U+043C (decimal 1084)
   defining Unicode char U+043D (decimal 1085)
   defining Unicode char U+043E (decimal 1086)
   defining Unicode char U+043F (decimal 1087)
   defining Unicode char U+0440 (decimal 1088)
   defining Unicode char U+0441 (decimal 1089)
   defining Unicode char U+0442 (decimal 1090)
   defining Unicode char U+0443 (decimal 1091)
   defining Unicode char U+0444 (decimal 1092)
   defining Unicode char U+0445 (decimal 1093)
   defining Unicode char U+0446 (decimal 1094)
   defining Unicode char U+0447 (decimal 1095)
   defining Unicode char U+0448 (decimal 1096)
   defining Unicode char U+0449 (decimal 1097)
   defining Unicode char U+044A (decimal 1098)
   defining Unicode char U+044B (decimal 1099)
   defining Unicode char U+044C (decimal 1100)
   defining Unicode char U+044D (decimal 1101)
   defining Unicode char U+044E (decimal 1102)
   defining Unicode char U+044F (decimal 1103)
   defining Unicode char U+0450 (decimal 1104)
   defining Unicode char U+0451 (decimal 1105)
   defining Unicode char U+0452 (decimal 1106)
   defining Unicode char U+0453 (decimal 1107)
   defining Unicode char U+0454 (decimal 1108)
   defining Unicode char U+0455 (decimal 1109)
   defining Unicode char U+0456 (decimal 1110)
   defining Unicode char U+0457 (decimal 1111)
   defining Unicode char U+0458 (decimal 1112)
   defining Unicode char U+0459 (decimal 1113)
   defining Unicode char U+045A (decimal 1114)
   defining Unicode char U+045B (decimal 1115)
   defining Unicode char U+045C (decimal 1116)
   defining Unicode char U+045D (decimal 1117)
   defining Unicode char U+045E (decimal 1118)
   defining Unicode char U+045F (decimal 1119)
   defining Unicode char U+0490 (decimal 1168)
   defining Unicode char U+0491 (decimal 1169)
   defining Unicode char U+0492 (decimal 1170)
   defining Unicode char U+0493 (decimal 1171)
   defining Unicode char U+0496 (decimal 1174)
   defining Unicode char U+0497 (decimal 1175)
   defining Unicode char U+0498 (decimal 1176)
   defining Unicode char U+0499 (decimal 1177)
   defining Unicode char U+049A (decimal 1178)
   defining Unicode char U+049B (decimal 1179)
   defining Unicode char U+049C (decimal 1180)
   defining Unicode char U+049D (decimal 1181)
   defining Unicode char U+04A0 (decimal 1184)
   defining Unicode char U+04A1 (decimal 1185)
   defining Unicode char U+04A2 (decimal 1186)
   defining Unicode char U+04A3 (decimal 1187)
   defining Unicode char U+04A4 (decimal 1188)
   defining Unicode char U+04A5 (decimal 1189)
   defining Unicode char U+04AA (decimal 1194)
   defining Unicode char U+04AB (decimal 1195)
   defining Unicode char U+04AE (decimal 1198)
   defining Unicode char U+04AF (decimal 1199)
   defining Unicode char U+04B0 (decimal 1200)
   defining Unicode char U+04B1 (decimal 1201)
   defining Unicode char U+04B2 (decimal 1202)
   defining Unicode char U+04B3 (decimal 1203)
   defining Unicode char U+04B6 (decimal 1206)
   defining Unicode char U+04B7 (decimal 1207)
   defining Unicode char U+04B8 (decimal 1208)
   defining Unicode char U+04B9 (decimal 1209)
   defining Unicode char U+04BA (decimal 1210)
   defining Unicode char U+04BB (decimal 1211)
   defining Unicode char U+04C0 (decimal 1216)
   defining Unicode char U+04C1 (decimal 1217)
   defining Unicode char U+04C2 (decimal 1218)
   defining Unicode char U+04D0 (decimal 1232)
   defining Unicode char U+04D1 (decimal 1233)
   defining Unicode char U+04D2 (decimal 1234)
   defining Unicode char U+04D3 (decimal 1235)
   defining Unicode char U+04D4 (decimal 1236)
   defining Unicode char U+04D5 (decimal 1237)
   defining Unicode char U+04D6 (decimal 1238)
   defining Unicode char U+04D7 (decimal 1239)
   defining Unicode char U+04D8 (decimal 1240)
   defining Unicode char U+04D9 (decimal 1241)
   defining Unicode char U+04DA (decimal 1242)
   defining Unicode char U+04DB (decimal 1243)
   defining Unicode char U+04DC (decimal 1244)
   defining Unicode char U+04DD (decimal 1245)
   defining Unicode char U+04DE (decimal 1246)
   defining Unicode char U+04DF (decimal 1247)
   defining Unicode char U+04E2 (decimal 1250)
   defining Unicode char U+04E3 (decimal 1251)
   defining Unicode char U+04E4 (decimal 1252)
   defining Unicode char U+04E5 (decimal 1253)
   defining Unicode char U+04E6 (decimal 1254)
   defining Unicode char U+04E7 (decimal 1255)
   defining Unicode char U+04E8 (decimal 1256)
   defining Unicode char U+04E9 (decimal 1257)
   defining Unicode char U+04EC (decimal 1260)
   defining Unicode char U+04ED (decimal 1261)
   defining Unicode char U+04EE (decimal 1262)
   defining Unicode char U+04EF (decimal 1263)
   defining Unicode char U+04F0 (decimal 1264)
   defining Unicode char U+04F1 (decimal 1265)
   defining Unicode char U+04F2 (decimal 1266)
   defining Unicode char U+04F3 (decimal 1267)
   defining Unicode char U+04F4 (decimal 1268)
   defining Unicode char U+04F5 (decimal 1269)
   defining Unicode char U+04F8 (decimal 1272)
   defining Unicode char U+04F9 (decimal 1273)
   defining Unicode char U+200C (decimal 8204)
   defining Unicode char U+2013 (decimal 8211)
   defining Unicode char U+2014 (decimal 8212)
   defining Unicode char U+2018 (decimal 8216)
   defining Unicode char U+2019 (decimal 8217)
   defining Unicode char U+201C (decimal 8220)
   defining Unicode char U+201D (decimal 8221)
   defining Unicode char U+201E (decimal 8222)
   defining Unicode char U+2030 (decimal 8240)
   defining Unicode char U+2031 (decimal 8241)
   defining Unicode char U+2116 (decimal 8470)
   defining Unicode char U+2329 (decimal 9001)
   defining Unicode char U+232A (decimal 9002)
   defining Unicode char U+2423 (decimal 9251)
))
Package babel Info: Making " an active character on input line 111.
))
(/usr/share/texlive/texmf-dist/tex/latex/base/fontenc.sty
Package: fontenc 2005/09/27 v1.99g Standard LaTeX package

(/usr/share/texlive/texmf-dist/tex/latex/cyrillic/t2aenc.def
File: t2aenc.def 2005/09/27 v1.0i Cyrillic encoding definition file
LaTeX Font Info:    Redeclaring font encoding T2A on input line 42.
)
LaTeX Font Info:    Try loading font information for T2A+cmr on input line 105.


(/usr/share/texlive/texmf-dist/tex/latex/cyrillic/t2acmr.fd
File: t2acmr.fd 2001/08/11 v1.0a Computer Modern Cyrillic font definitions
))
(/usr/share/texlive/texmf-dist/tex/latex/amsmath/amsmath.sty
Package: amsmath 2016/06/28 v2.15d AMS math features
\@mathmargin=\skip43

For additional information on amsmath, use the `?' option.
(/usr/share/texlive/texmf-dist/tex/latex/amsmath/amstext.sty
Package: amstext 2000/06/29 v2.01 AMS text

(/usr/share/texlive/texmf-dist/tex/latex/amsmath/amsgen.sty
File: amsgen.sty 1999/11/30 v2.0 generic functions
\@emptytoks=\toks16
\ex@=\dimen104
))
(/usr/share/texlive/texmf-dist/tex/latex/amsmath/amsbsy.sty
Package: amsbsy 1999/11/29 v1.2d Bold Symbols
\pmbraise@=\dimen105
)
(/usr/share/texlive/texmf-dist/tex/latex/amsmath/amsopn.sty
Package: amsopn 2016/03/08 v2.02 operator names
)
\inf@bad=\count88
LaTeX Info: Redefining \frac on input line 199.
\uproot@=\count89
\leftroot@=\count90
LaTeX Info: Redefining \overline on input line 297.
\classnum@=\count91
\DOTSCASE@=\count92
LaTeX Info: Redefining \ldots on input line 394.
LaTeX Info: Redefining \dots on input line 397.
LaTeX Info: Redefining \cdots on input line 518.
\Mathstrutbox@=\box26
\strutbox@=\box27
\big@size=\dimen106
LaTeX Font Info:    Redeclaring font encoding OML on input line 634.
LaTeX Font Info:    Redeclaring font encoding OMS on input line 635.
\macc@depth=\count93
\c@MaxMatrixCols=\count94
\dotsspace@=\muskip10
\c@parentequation=\count95
\dspbrk@lvl=\count96
\tag@help=\toks17
\row@=\count97
\column@=\count98
\maxfields@=\count99
\andhelp@=\toks18
\eqnshift@=\dimen107
\alignsep@=\dimen108
\tagshift@=\dimen109
\tagwidth@=\dimen110
\totwidth@=\dimen111
\lineht@=\dimen112
\@envbody=\toks19
\multlinegap=\skip44
\multlinetaggap=\skip45
\mathdisplay@stack=\toks20
LaTeX Info: Redefining \[ on input line 2739.
LaTeX Info: Redefining \] on input line 2740.
)
(/usr/share/texlive/texmf-dist/tex/latex/tools/indentfirst.sty
Package: indentfirst 1995/11/23 v1.03 Indent first paragraph (DPC)
)
(/usr/share/texlive/texmf-dist/tex/latex/graphics/graphicx.sty
Package: graphicx 2014/10/28 v1.0g Enhanced LaTeX Graphics (DPC,SPQR)

(/usr/share/texlive/texmf-dist/tex/latex/graphics/keyval.sty
Package: keyval 2014/10/28 v1.15 key=value parser (DPC)
\KV@toks@=\toks21
)
(/usr/share/texlive/texmf-dist/tex/latex/graphics/graphics.sty
Package: graphics 2016/05/09 v1.0r Standard LaTeX Graphics (DPC,SPQR)

(/usr/share/texlive/texmf-dist/tex/latex/graphics/trig.sty
Package: trig 2016/01/03 v1.10 sin cos tan (DPC)
)
(/usr/share/texlive/texmf-dist/tex/latex/graphics-cfg/graphics.cfg
File: graphics.cfg 2016/01/02 v1.10 sample graphics configuration
)
Package graphics Info: Driver file: pdftex.def on input line 96.

(/usr/share/texlive/texmf-dist/tex/latex/graphics-def/pdftex.def
File: pdftex.def 2016/07/10 v0.06j Graphics/color for pdfTeX

(/usr/share/texlive/texmf-dist/tex/generic/oberdiek/infwarerr.sty
Package: infwarerr 2016/05/16 v1.4 Providing info/warning/error messages (HO)
)
(/usr/share/texlive/texmf-dist/tex/generic/oberdiek/ltxcmds.sty
Package: ltxcmds 2016/05/16 v1.23 LaTeX kernel commands for general use (HO)
)
\Gread@gobject=\count100
))
\Gin@req@height=\dimen113
\Gin@req@width=\dimen114
)
(/usr/share/texlive/texmf-dist/tex/latex/floatflt/floatflt.sty
Package: floatflt 1997/07/16 v. 1.31
\c@OptionTest=\count101
\figbox=\box28
\tabbox=\box29
\pagebox=\box30
\ffigcount=\count102
\ftabcount=\count103
\fftest=\count104
\hangcount=\count105
\nosuccesstryfig=\count106
\nosuccesstrytab=\count107
\figgutter=\dimen115
\tabgutter=\dimen116
\htdone=\dimen117
\pageht=\dimen118
\startpageht=\dimen119
\tabbredd=\dimen120
\floatfltwidth=\dimen121
\fltitemwidth=\dimen122
\outputpretest=\toks22
)
(/usr/share/texlive/texmf-dist/tex/latex/geometry/geometry.sty
Package: geometry 2010/09/12 v5.6 Page Geometry

(/usr/share/texlive/texmf-dist/tex/generic/oberdiek/ifpdf.sty
Package: ifpdf 2016/05/14 v3.1 Provides the ifpdf switch
)
(/usr/share/texlive/texmf-dist/tex/generic/oberdiek/ifvtex.sty
Package: ifvtex 2016/05/16 v1.6 Detect VTeX and its facilities (HO)
Package ifvtex Info: VTeX not detected.
)
(/usr/share/texlive/texmf-dist/tex/generic/ifxetex/ifxetex.sty
Package: ifxetex 2010/09/12 v0.6 Provides ifxetex conditional
)
\Gm@cnth=\count108
\Gm@cntv=\count109
\c@Gm@tempcnt=\count110
\Gm@bindingoffset=\dimen123
\Gm@wd@mp=\dimen124
\Gm@odd@mp=\dimen125
\Gm@even@mp=\dimen126
\Gm@layoutwidth=\dimen127
\Gm@layoutheight=\dimen128
\Gm@layouthoffset=\dimen129
\Gm@layoutvoffset=\dimen130
\Gm@dimlist=\toks23
)

LaTeX Warning: Unused global option(s):
    [14pt].


(./РћРїСЂРµРґРµР»РµРЅРёРµ СЌРЅРµСЂРіРµС‚РёС‡РµСЃРєРѕРіРѕ СЂР°Р·СЂРµС€РµРЅРёСЏ С
‡РµСЂРµРЅРєРѕРІСЃРєРѕРіРѕ РґРµС‚РµРєС‚РѕСЂР° РґР»СЏ СЂРµРіРёСЃС‚СЂР°С†РёРё СЃРї
РµРєС‚СЂРѕРІ СЌР»РµРєС‚СЂРѕРЅРѕРІ РІ РґРёР°РїР°Р·РѕРЅРµ 1-10 РњСЌР’.aux

LaTeX Warning: Label `sec:subsection' multiply defined.


LaTeX Warning: Label `sec:subsection' multiply defined.


LaTeX Warning: Label `sec:part' multiply defined.


LaTeX Warning: Label `sec:section' multiply defined.


LaTeX Warning: Label `sec:subsection' multiply defined.


LaTeX Warning: Label `sec:subsection' multiply defined.


LaTeX Warning: Label `sec:subsection' multiply defined.


LaTeX Warning: Label `sec:section' multiply defined.


LaTeX Warning: Label `sec:section' multiply defined.


LaTeX Warning: Label `sec:subsection' multiply defined.


LaTeX Warning: Label `sec:subsection' multiply defined.


LaTeX Warning: Label `sec:subsection' multiply defined.


LaTeX Warning: Label `sec:subsection' multiply defined.


LaTeX Warning: Label `sec:subsection' multiply defined.


LaTeX Warning: Label `sec:section' multiply defined.


LaTeX Warning: Label `sec:subsection' multiply defined.


LaTeX Warning: Label `sec:subsection' multiply defined.

)
\openout1 = `"РћРїСЂРµРґРµР»РµРЅРёРµ СЌРЅРµСЂРіРµС‚РёС‡РµСЃРєРѕРіРѕ СЂР°Р·СЂРµС
€РµРЅРёСЏ С‡РµСЂРµРЅРєРѕРІСЃРєРѕРіРѕ РґРµС‚РµРєС‚РѕСЂР° РґР»СЏ СЂРµРіРёСЃС‚СЂР°
С†РёРё СЃРїРµРєС‚СЂРѕРІ СЌР»РµРєС‚СЂРѕРЅРѕРІ РІ РґРёР°РїР°Р·РѕРЅРµ 1-10 РњСЌР’.
aux"'.

LaTeX Font Info:    Checking defaults for OML/cmm/m/it on input line 25.
LaTeX Font Info:    ... okay on input line 25.
LaTeX Font Info:    Checking defaults for T1/cmr/m/n on input line 25.
LaTeX Font Info:    ... okay on input line 25.
LaTeX Font Info:    Checking defaults for OT1/cmr/m/n on input line 25.
LaTeX Font Info:    ... okay on input line 25.
LaTeX Font Info:    Checking defaults for OMS/cmsy/m/n on input line 25.
LaTeX Font Info:    ... okay on input line 25.
LaTeX Font Info:    Checking defaults for OMX/cmex/m/n on input line 25.
LaTeX Font Info:    ... okay on input line 25.
LaTeX Font Info:    Checking defaults for U/cmr/m/n on input line 25.
LaTeX Font Info:    ... okay on input line 25.
LaTeX Font Info:    Checking defaults for T2A/cmr/m/n on input line 25.
LaTeX Font Info:    ... okay on input line 25.
 (/usr/share/texlive/texmf-dist/tex/context/base/mkii/supp-pdf.mkii
[Loading MPS to PDF converter (version 2006.09.02).]
\scratchcounter=\count111
\scratchdimen=\dimen131
\scratchbox=\box31
\nofMPsegments=\count112
\nofMParguments=\count113
\everyMPshowfont=\toks24
\MPscratchCnt=\count114
\MPscratchDim=\dimen132
\MPnumerator=\count115
\makeMPintoPDFobject=\count116
\everyMPtoPDFconversion=\toks25
) (/usr/share/texlive/texmf-dist/tex/generic/oberdiek/pdftexcmds.sty
Package: pdftexcmds 2016/05/21 v0.22 Utility functions of pdfTeX for LuaTeX (HO
)

(/usr/share/texlive/texmf-dist/tex/generic/oberdiek/ifluatex.sty
Package: ifluatex 2016/05/16 v1.4 Provides the ifluatex switch (HO)
Package ifluatex Info: LuaTeX not detected.
)
Package pdftexcmds Info: LuaTeX not detected.
Package pdftexcmds Info: \pdf@primitive is available.
Package pdftexcmds Info: \pdf@ifprimitive is available.
Package pdftexcmds Info: \pdfdraftmode found.
)
(/usr/share/texlive/texmf-dist/tex/latex/oberdiek/epstopdf-base.sty
Package: epstopdf-base 2016/05/15 v2.6 Base part for package epstopdf

(/usr/share/texlive/texmf-dist/tex/latex/oberdiek/grfext.sty
Package: grfext 2016/05/16 v1.2 Manage graphics extensions (HO)

(/usr/share/texlive/texmf-dist/tex/generic/oberdiek/kvdefinekeys.sty
Package: kvdefinekeys 2016/05/16 v1.4 Define keys (HO)
))
(/usr/share/texlive/texmf-dist/tex/latex/oberdiek/kvoptions.sty
Package: kvoptions 2016/05/16 v3.12 Key value format for package options (HO)

(/usr/share/texlive/texmf-dist/tex/generic/oberdiek/kvsetkeys.sty
Package: kvsetkeys 2016/05/16 v1.17 Key value parser (HO)

(/usr/share/texlive/texmf-dist/tex/generic/oberdiek/etexcmds.sty
Package: etexcmds 2016/05/16 v1.6 Avoid name clashes with e-TeX commands (HO)
Package etexcmds Info: Could not find \expanded.
(etexcmds)             That can mean that you are not using pdfTeX 1.50 or
(etexcmds)             that some package has redefined \expanded.
(etexcmds)             In the latter case, load this package earlier.
)))
Package epstopdf-base Info: Redefining graphics rule for `.eps' on input line 4
38.
Package grfext Info: Graphics extension search list:
(grfext)             [.png,.pdf,.jpg,.mps,.jpeg,.jbig2,.jb2,.PNG,.PDF,.JPG,.JPE
G,.JBIG2,.JB2,.eps]
(grfext)             \AppendGraphicsExtensions on input line 456.

(/usr/share/texlive/texmf-dist/tex/latex/latexconfig/epstopdf-sys.cfg
File: epstopdf-sys.cfg 2010/07/13 v1.3 Configuration of (r)epstopdf for TeX Liv
e
))
*geometry* driver: auto-detecting
*geometry* detected driver: pdftex
*geometry* verbose mode - [ preamble ] result:
* driver: pdftex
* paper: a4paper
* layout: <same size as paper>
* layoutoffset:(h,v)=(0.0pt,0.0pt)
* modes: 
* h-part:(L,W,R)=(56.9055pt, 497.92325pt, 42.67912pt)
* v-part:(T,H,B)=(28.45274pt, 759.6886pt, 56.9055pt)
* \paperwidth=597.50787pt
* \paperheight=845.04684pt
* \textwidth=497.92325pt
* \textheight=759.6886pt
* \oddsidemargin=-15.36449pt
* \evensidemargin=-15.36449pt
* \topmargin=-80.81725pt
* \headheight=12.0pt
* \headsep=25.0pt
* \topskip=10.0pt
* \footskip=30.0pt
* \marginparwidth=57.0pt
* \marginparsep=11.0pt
* \columnsep=10.0pt
* \skip\footins=9.0pt plus 4.0pt minus 2.0pt
* \hoffset=0.0pt
* \voffset=0.0pt
* \mag=1000
* \@twocolumnfalse
* \@twosidefalse
* \@mparswitchfalse
* \@reversemarginfalse
* (1in=72.27pt=25.4mm, 1cm=28.453pt)

(./Kur-Title.tex

LaTeX Font Warning: Font shape `T2A/cmr/m/n' in size <16> not available
(Font)              size <17.28> substituted on input line 2.

\lbox=\box32
\maxl=\skip46

Underfull \hbox (badness 10000) detected at line 38
\T2A/cmr/m/n/17.28 205
 []


Overfull \hbox (4.8632pt too wide) in paragraph at lines 38--38
| | \T2A/cmr/m/n/17.28 Преподаватель:  [] 
 []


Underfull \hbox (badness 10000) in paragraph at lines 38--38

 []


Underfull \hbox (badness 10000) in paragraph at lines 38--38

 []

LaTeX Font Info:    Calculating math sizes for size <16> on input line 38.

LaTeX Font Warning: Font shape `OT1/cmr/m/n' in size <16> not available
(Font)              size <17.28> substituted on input line 38.


LaTeX Font Warning: Font shape `OML/cmm/m/it' in size <16> not available
(Font)              size <17.28> substituted on input line 38.


LaTeX Font Warning: Font shape `OMS/cmsy/m/n' in size <16> not available
(Font)              size <17.28> substituted on input line 38.


LaTeX Font Warning: Font shape `OMX/cmex/m/n' in size <16> not available
(Font)              size <17.28> substituted on input line 38.

[1

{/usr/share/texlive/texmf-dist/fonts/map/pdftex/updmap/pdftex.map}])
(./РћРїСЂРµРґРµР»РµРЅРёРµ СЌРЅРµСЂРіРµС‚РёС‡РµСЃРєРѕРіРѕ СЂР°Р·СЂРµС€РµРЅРёСЏ С
‡РµСЂРµРЅРєРѕРІСЃРєРѕРіРѕ РґРµС‚РµРєС‚РѕСЂР° РґР»СЏ СЂРµРіРёСЃС‚СЂР°С†РёРё СЃРї
РµРєС‚СЂРѕРІ СЌР»РµРєС‚СЂРѕРЅРѕРІ РІ РґРёР°РїР°Р·РѕРЅРµ 1-10 РњСЌР’.toc)
\tf@toc=\write3
\openout3 = `"РћРїСЂРµРґРµР»РµРЅРёРµ СЌРЅРµСЂРіРµС‚РёС‡РµСЃРєРѕРіРѕ СЂР°Р·СЂРµС
€РµРЅРёСЏ С‡РµСЂРµРЅРєРѕРІСЃРєРѕРіРѕ РґРµС‚РµРєС‚РѕСЂР° РґР»СЏ СЂРµРіРёСЃС‚СЂР°
С†РёРё СЃРїРµРєС‚СЂРѕРІ СЌР»РµРєС‚СЂРѕРЅРѕРІ РІ РґРёР°РїР°Р·РѕРЅРµ 1-10 РњСЌР’.
toc"'.


(./Kur-Description.tex

! LaTeX Error: Environment Kur-Description undefined.

See the LaTeX manual or LaTeX Companion for explanation.
Type  H <return>  for immediate help.
 ...                                              
                                                  
l.1 \begin{Kur-Description}
                           
Your command was ignored.
Type  I <command> <return>  to replace it with another command,
or  <return>  to continue without it.

[1]
Overfull \hbox (11.1119pt too wide) in paragraph at lines 11--12
[]\T2A/cmr/m/n/17.28 Изучение принципов функционирования черенковских детекторо
в,
 []


Overfull \hbox (5.14217pt too wide) in paragraph at lines 11--12
\T2A/cmr/m/n/17.28 их типы, характеристики, области применения. Отдельное внима
ние
 []


Overfull \hbox (35.55937pt too wide) in paragraph at lines 11--12
\T2A/cmr/m/n/17.28 уделяется характеристикам прибора, таким как угловое, энерге
тическое,
 []


Overfull \hbox (1.5341pt too wide) in paragraph at lines 15--16
\T2A/cmr/m/n/17.28 проведения многочисленных экспериментов различных физических

 []


Overfull \hbox (34.01103pt too wide) in paragraph at lines 15--16
\T2A/cmr/m/n/17.28 направлений, диапазон которых чрезвычайно широк. Они использ
уются
 []


Overfull \hbox (15.71884pt too wide) in paragraph at lines 15--16
\T2A/cmr/m/n/17.28 при регистрации космических лучей экстремальных энергий (КЛЭ
Э).
 []


Overfull \hbox (15.95679pt too wide) in paragraph at lines 15--16
\T2A/cmr/m/n/17.28 Детекторы занимают особое место в нейтринной астрономии. Сег
одня
 []


Overfull \hbox (35.76617pt too wide) in paragraph at lines 15--16
\T2A/cmr/m/n/17.28 (НТ-200, ANTARES, NESTOR) для регистрации нейтрино сверхвысо
ких
 []


! LaTeX Error: \begin{document} ended by \end{Kur-Description}.

See the LaTeX manual or LaTeX Companion for explanation.
Type  H <return>  for immediate help.
 ...                                              
                                                  
l.26 \end{Kur-Description}
                          
Your command was ignored.
Type  I <command> <return>  to replace it with another command,
or  <return>  to continue without it.

) (./Kur-Main.tex

! LaTeX Error: Environment main undefined.

See the LaTeX manual or LaTeX Companion for explanation.
Type  H <return>  for immediate help.
 ...                                              
                                                  
l.1 \begin{main}
                
Your command was ignored.
Type  I <command> <return>  to replace it with another command,
or  <return>  to continue without it.


Overfull \hbox (22.94218pt too wide) in paragraph at lines 12--19
\T2A/cmr/m/n/17.28 обнаружил неизвестное ранее голубое свечение прозрачных жидк
остей
 []


Overfull \hbox (10.09999pt too wide) in paragraph at lines 12--19
\T2A/cmr/m/n/17.28 под действием $\OML/cmm/m/it/17.28 ^^M$\T2A/cmr/m/n/17.28 -и
злучения. В его эксперименте в качестве последних
 []


Overfull \hbox (59.93593pt too wide) in paragraph at lines 12--19
\T2A/cmr/m/n/17.28 радиоактивный препарат, содержащий несколько грамм радия. Ан
ализируя
 []


Overfull \hbox (43.2037pt too wide) in paragraph at lines 12--19
\T2A/cmr/m/n/17.28 исследованные П.А. Черенковым свойства этого излучения, С.И.
 Вавилов
 []


Overfull \hbox (17.53236pt too wide) in paragraph at lines 12--19
\T2A/cmr/m/n/17.28 светового излучения при движении заряженной частицы со скоро
стью
 []


Overfull \hbox (22.40265pt too wide) in paragraph at lines 12--19
\OML/cmm/m/it/17.28 v$\T2A/cmr/m/n/17.28 , превышающей фазовую скорость света $
\OML/cmm/m/it/17.28 c=n$ \T2A/cmr/m/n/17.28 в веществе с показателем
 []


Overfull \hbox (52.695pt too wide) in paragraph at lines 12--19
\T2A/cmr/m/n/17.28 (1937 г.), которая содержала и его количественную теорию. В 
эксперименте
 []


Overfull \hbox (28.57567pt too wide) in paragraph at lines 12--19
\T2A/cmr/m/n/17.28 возникало явление, подобное ударной волне, производимой в ат
мосфере
 []


Overfull \hbox (53.85446pt too wide) in paragraph at lines 12--19
\T2A/cmr/m/n/17.28 сверхзвуковым самолјтом. Это выдающееся открытие получило пр
изнание
 []


Overfull \hbox (38.24419pt too wide) in paragraph at lines 12--19
\T2A/cmr/m/n/17.28 мирового физического сообщества, и в 1960 г. его авторы (П.А
. Черенков,
 []


Overfull \hbox (35.11742pt too wide) in paragraph at lines 12--19
\T2A/cmr/m/n/17.28 установить ряд свойств получаемого излучения, которые против
оречили
 []

[2]
LaTeX Font Info:    Try loading font information for OMS+cmr on input line 20.
 (/usr/share/texlive/texmf-dist/tex/latex/base/omscmr.fd
File: omscmr.fd 2014/09/29 v2.5h Standard LaTeX font definitions
)
LaTeX Font Info:    Font shape `OMS/cmr/m/n' in size <16> not available
(Font)              Font shape `OMS/cmsy/m/n' tried instead on input line 20.


LaTeX Font Warning: Font shape `OMS/cmsy/m/n' in size <16> not available
(Font)              size <17.28> substituted on input line 20.


Overfull \hbox (20.6569pt too wide) in paragraph at lines 22--23
[]\T2A/cmr/m/n/17.28 Излучение имеет сплошной спектр, максимум которого приходи
тся
 []


Overfull \hbox (47.47833pt too wide) in paragraph at lines 24--25
[]\T2A/cmr/m/n/17.28 У излучения есть порог; оно не вызывается, например, рентг
еновскими
 []


Overfull \hbox (66.79808pt too wide) in paragraph at lines 30--35
[]\T2A/cmr/m/n/17.28 Свет возникает от когерентного излучения диполей в среде, 
появляющихся
 []


Overfull \hbox (27.91006pt too wide) in paragraph at lines 30--35
\T2A/cmr/m/n/17.28 движущейся в ней заряженной частицы. Под действием электриче
ского
 []


Overfull \hbox (33.99136pt too wide) in paragraph at lines 30--35
\T2A/cmr/m/n/17.28 относительно ядра, возникает диполь. Атом поляризуется. При 
переходе
 []


Overfull \hbox (22.49261pt too wide) in paragraph at lines 30--35
\T2A/cmr/m/n/17.28 будет гаситься излучением симметричного ему атома. Если же ч
астица
 []


Overfull \hbox (49.3327pt too wide) in paragraph at lines 30--35
\T2A/cmr/m/n/17.28 движется с большей скоростью, поляризация может быть несимме
тричной
 []

[3]
Overfull \hbox (41.16606pt too wide) in paragraph at lines 36--38
\T2A/cmr/m/n/17.28 оказывается в точке $\OML/cmm/m/it/17.28 B$\T2A/cmr/m/n/17.2
8 , излучение от тех начальных фаз распространится
 []


Overfull \hbox (27.31361pt too wide) in paragraph at lines 39--40
\OML/cmm/m/it/17.28 r[] > A[]B; r[] > A[]B$ \T2A/cmr/m/n/17.28 и т.д. Таким обр
азом, интерференция исключается. 
 []


Overfull \hbox (56.5364pt too wide) in paragraph at lines 54--57
\T2A/cmr/m/n/17.28 Таким образом, черенковское излучение не является чем-то при
нципиально
 []


Overfull \hbox (11.67133pt too wide) in paragraph at lines 54--57
\T2A/cmr/m/n/17.28 при движении сверхзвуковых объектов в атмосфере и гидродинам
ике
 []


Overfull \hbox (10.87755pt too wide) in paragraph at lines 58--59
[]\T2A/cmr/m/n/17.28 В заключение описания механизма излучения Вавилова-Черенко
ва
 []


Overfull \hbox (62.61752pt too wide) in paragraph at lines 58--59
\T2A/cmr/m/n/17.28 будет приведена формула расчјта энергии черенковского света,
 излучјнного
 []


Overfull \hbox (24.51054pt too wide) in paragraph at lines 64--65
\T2A/cmr/m/n/17.28 которые возникают в среде при пролјте через неј заряженной ч
астицы: 
 []

[4]
Overfull \hbox (41.64842pt too wide) in paragraph at lines 68--71
\T2A/cmr/m/n/17.28 Как видно из этой формулы, интенсивность излучения быстро во
зрастает
 []


Overfull \hbox (70.52943pt too wide) in paragraph at lines 68--71
\T2A/cmr/m/n/17.28 при увеличении заряда частицы. Это способствует применению ч
еренковских
 []


Overfull \hbox (33.08546pt too wide) in paragraph at lines 75--76
\T2A/cmr/m/n/17.28 Черенкова. В соответствии с принципом Гюйгенса-Френеля повер
хность
 []


Overfull \hbox (8.1675pt too wide) in paragraph at lines 79--80
[]\T2A/cmr/m/n/17.28 На образование энергии излучения тратится кинетическая эне
ргия
 []


Overfull \hbox (11.79791pt too wide) in paragraph at lines 81--82
[]\T2A/cmr/m/n/17.28 Во времена открытия эффекта самым чувствительным оптически
м
 []


Overfull \hbox (27.88167pt too wide) in paragraph at lines 81--82
\T2A/cmr/m/n/17.28 прибором был человеческий глаз, поэтому П.А. Черенкову прихо
дилось
 []


Overfull \hbox (17.52724pt too wide) in paragraph at lines 85--90
\T2A/cmr/m/n/17.28 оптической системы и регистрирующего прибора (как правило, Ф
ЭУ).
 []


Overfull \hbox (15.72725pt too wide) in paragraph at lines 85--90
\T2A/cmr/m/n/17.28 Оптическая система направляет свет из радиатора в регистриру
ющий
 []


Overfull \hbox (8.72678pt too wide) in paragraph at lines 85--90
\T2A/cmr/m/n/17.28 прибор и состоит из комбинации зеркал и линз. В качестве рад
иатора
 []


Overfull \hbox (21.13892pt too wide) in paragraph at lines 85--90
\T2A/cmr/m/n/17.28 могут быть использованы не только жидкости, но и любые прозр
ачные
 []


Overfull \hbox (6.71465pt too wide) in paragraph at lines 85--90
\T2A/cmr/m/n/17.28 вещества. Быстрая заряженная частица при движении через твјр
дое
 []


Overfull \hbox (34.88632pt too wide) in paragraph at lines 85--90
\T2A/cmr/m/n/17.28 тело вызывает интенсивность порядка 100 фотонов/см, а в газо
образных
 []


Overfull \hbox (41.08377pt too wide) in paragraph at lines 91--93
[]\T2A/cmr/m/n/17.28 Наличие порога в излучении Вавилова-Черенкова позволило ра
зделять
 []


Overfull \hbox (15.27983pt too wide) in paragraph at lines 91--93
\T2A/cmr/m/n/17.28 фотоны по скоростям. Угол испускания фотонов строго коррелир
ован
 []

[5]

LaTeX Font Warning: Font shape `T2A/cmr/m/it' in size <16> not available
(Font)              size <17.28> substituted on input line 97.


Overfull \hbox (48.82652pt too wide) in paragraph at lines 96--98
\T2A/cmr/m/n/17.28 детекторы разделяются на \T2A/cmr/m/it/17.28 пороговые \T2A/
cmr/m/n/17.28 и \T2A/cmr/m/it/17.28 дифференциальные \T2A/cmr/m/n/17.28 (интегр
альные,
 []

Package epstopdf Info: Source file: <images/Jelly.eps>
(epstopdf)                    date: 2019-10-07 15:18:00
(epstopdf)                    size: 139829 bytes
(epstopdf)             Output file: <images/Jelly-eps-converted-to.pdf>
(epstopdf)                    date: 2019-10-07 15:18:00
(epstopdf)                    size: 6583 bytes
(epstopdf)             Command: <repstopdf --outfile=images/Jelly-eps-converted
-to.pdf images/Jelly.eps>
(epstopdf)             \includegraphics on input line 104.
Package epstopdf Info: Output file is already uptodate.
<images/Jelly-eps-converted-to.pdf, id=34, 303.1325pt x 123.46124pt>
File: images/Jelly-eps-converted-to.pdf Graphic file (type pdf)

<use images/Jelly-eps-converted-to.pdf>
Package pdftex.def Info: images/Jelly-eps-converted-to.pdf used on input line 1
04.
(pdftex.def)             Requested size: 303.13176pt x 123.46092pt.

Overfull \hbox (25.53801pt too wide) in paragraph at lines 101--107
[]\T2A/cmr/m/n/17.28 Пороговые счјтчики используются для подсчјта частиц, прохо
дящих
 []


Overfull \hbox (52.12668pt too wide) in paragraph at lines 108--109
[]\T2A/cmr/m/n/17.28 Устройство (Pис. 1[]) представляет из себя некоторый объјм
, заполненный
 []


Overfull \hbox (32.07393pt too wide) in paragraph at lines 119--123
[]\T2A/cmr/m/n/17.28 Если оптическая система детектора совершает фокусировку, д
етектор
 []


Overfull \hbox (11.21829pt too wide) in paragraph at lines 119--123
\T2A/cmr/m/n/17.28 для измерения скорости частиц согласно выражению []. Происхо
дит
 []


Overfull \hbox (30.61252pt too wide) in paragraph at lines 119--123
\T2A/cmr/m/n/17.28 частицы на фотокатод ФЭУ. Задача дифференциального черенковс
кого
 []


Overfull \hbox (53.37201pt too wide) in paragraph at lines 119--123
\T2A/cmr/m/n/17.28 счјтчика -- выбрать только те частицы, которые изучаются в э
ксперименте.
 []


Overfull \hbox (18.43327pt too wide) in paragraph at lines 119--123
\T2A/cmr/m/n/17.28 получается конус излучения. Чтобы зарегистрировать вспышки с
вета,
 []

[6 <./images/Jelly-eps-converted-to.pdf>]
Package epstopdf Info: Source file: <images/Diffcounter.eps>
(epstopdf)                    date: 2019-10-07 15:18:00
(epstopdf)                    size: 1527978 bytes
(epstopdf)             Output file: <images/Diffcounter-eps-converted-to.pdf>
(epstopdf)                    date: 2019-10-07 15:18:00
(epstopdf)                    size: 40108 bytes
(epstopdf)             Command: <repstopdf --outfile=images/Diffcounter-eps-con
verted-to.pdf images/Diffcounter.eps>
(epstopdf)             \includegraphics on input line 128.
Package epstopdf Info: Output file is already uptodate.

<images/Diffcounter-eps-converted-to.pdf, id=43, 406.51875pt x 348.30125pt>
File: images/Diffcounter-eps-converted-to.pdf Graphic file (type pdf)

<use images/Diffcounter-eps-converted-to.pdf>
Package pdftex.def Info: images/Diffcounter-eps-converted-to.pdf used on input 
line 128.
(pdftex.def)             Requested size: 199.25175pt x 170.71652pt.

Overfull \hbox (12.46007pt too wide) in paragraph at lines 124--137
[]\T2A/cmr/m/n/17.28 Радиатор детектора выбирается таким образом, чтобы сохраня
лось
 []


Overfull \hbox (15.49971pt too wide) in paragraph at lines 124--137
\T2A/cmr/m/n/17.28 требованиям вполне отвечает, например, радиатор в форме цили
ндра.
 []


Overfull \hbox (8.67108pt too wide) in paragraph at lines 124--137
\T2A/cmr/m/n/17.28 Пучок быстрых заряженных частиц влетает в основание \T2A/cmr
/m/it/17.28 параллельно
 []


Overfull \hbox (13.69504pt too wide) in paragraph at lines 124--137
\T2A/cmr/m/n/17.28 его оси. Они, в свою очередь, вызывают эффект Вавилова-Черен
кова.
 []


Overfull \hbox (9.63689pt too wide) in paragraph at lines 124--137
\T2A/cmr/m/n/17.28 движения, свет будет выходить из торца радиатора под одинако
выми
 []


Overfull \hbox (15.27779pt too wide) in paragraph at lines 124--137
\T2A/cmr/m/n/17.28 углами к оси, и с помощью оптической системы можно сфокусиро
вать
 []


Overfull \hbox (19.55751pt too wide) in paragraph at lines 124--137
\T2A/cmr/m/n/17.28 скоростями, соответственно, проходит под иными углами, оно в
ыходит
 []


Overfull \hbox (20.00055pt too wide) in paragraph at lines 124--137
\T2A/cmr/m/n/17.28 попадать на ФЭУ. Из начального пучка заряженных частиц с раз
ными
 []


Overfull \hbox (12.79395pt too wide) in paragraph at lines 124--137
\T2A/cmr/m/n/17.28 скоростями будут зарегистрированы только частицы с относител
ьной
 []


Overfull \hbox (20.14133pt too wide) in paragraph at lines 124--137
\T2A/cmr/m/n/17.28 скоростью $\OML/cmm/m/it/17.28 ^^L \OT1/cmr/m/n/17.28 = 1\OM
L/cmm/m/it/17.28 =\OT1/cmr/m/n/17.28 (\OML/cmm/m/it/17.28 n [] ^^R\OT1/cmr/m/n/
17.28 )$\T2A/cmr/m/n/17.28 . Рассмотрим следующий способ эффективно
 []


Overfull \hbox (56.42648pt too wide) in paragraph at lines 140--147
[]\T2A/cmr/m/n/17.28 Для частиц очень высоких энергий регистрация с помощью чер
енковских
 []


Overfull \hbox (65.5675pt too wide) in paragraph at lines 140--147
\T2A/cmr/m/n/17.28 детекторов сопряжена с некоторыми трудностями. Во многих экс
периментах
 []


Overfull \hbox (14.60463pt too wide) in paragraph at lines 140--147
\T2A/cmr/m/n/17.28 на ускорителях изучаются взаимодействия высокоэнергичных пуч
ков
 []


Overfull \hbox (9.86617pt too wide) in paragraph at lines 140--147
\T2A/cmr/m/n/17.28 с мишенями из разных материалов. В результате таких столкнов
ений
 []


Overfull \hbox (56.3367pt too wide) in paragraph at lines 140--147
\T2A/cmr/m/n/17.28 зарегистрированы при использовании вышеописанных дифференциа
льных
 []


Overfull \hbox (3.99957pt too wide) in paragraph at lines 140--147
\T2A/cmr/m/n/17.28 определить радиус и положение центра кольца от сфокусированн
ого
 []


Overfull \hbox (20.69861pt too wide) in paragraph at lines 140--147
\T2A/cmr/m/n/17.28 зеркалом черенковского излучения. Размеры колец напрямую свя
заны
 []


Overfull \hbox (14.58049pt too wide) in paragraph at lines 140--147
\T2A/cmr/m/n/17.28 со скоростями частиц, вызвавших свет, а если известен ещј и 
импульс,
 []

[7 <./images/Diffcounter-eps-converted-to.pdf>]
Overfull \hbox (14.48482pt too wide) in paragraph at lines 148--149
[]\T2A/cmr/m/n/17.28 Излучающей средой в РИЧ-детекторах являются преимущественн
о
 []


Overfull \hbox (7.3953pt too wide) in paragraph at lines 148--149
\T2A/cmr/m/n/17.28 успешно заменяющий громоздкие газовые радиаторы при пороговы
х
 []


Overfull \hbox (28.58493pt too wide) in paragraph at lines 150--153
\T2A/cmr/m/n/17.28 заполнены воздухом. Расзмеры пор гораздо больше размеров кла
стеров
 []


Overfull \hbox (46.16821pt too wide) in paragraph at lines 150--153
\T2A/cmr/m/n/17.28 веществом, аэрогель позволяет конструировать компактные чере
нковские
 []


Overfull \hbox (19.45294pt too wide) in paragraph at lines 157--160
[]\T2A/cmr/m/n/17.28 Во многих задачах физики важно определять энергии нестабил
ьных
 []


Overfull \hbox (31.7636pt too wide) in paragraph at lines 157--160
\OML/cmm/m/it/17.28 ^^M$\T2A/cmr/m/n/17.28 -кванты. Непосредственно их невозмож
но зарегистрировать. Изучение
 []


Overfull \hbox (22.93658pt too wide) in paragraph at lines 157--160
\T2A/cmr/m/n/17.28 таких частиц возможно только при регистрации продуктов их ра
спада. 
 []


Overfull \hbox (59.82353pt too wide) in paragraph at lines 161--163
[]\T2A/cmr/m/n/17.28 Основным способом регистрации высокоэнергичных (порядка не
скольких
 []


Overfull \hbox (23.85756pt too wide) in paragraph at lines 161--163
\T2A/cmr/m/n/17.28 создаваемых ими электромагнитных ливней. Рассмотрим само явл
ение
 []

Package epstopdf Info: Source file: <images/elec.eps>
(epstopdf)                    date: 2019-10-07 15:18:00
(epstopdf)                    size: 389587 bytes
(epstopdf)             Output file: <images/elec-eps-converted-to.pdf>
(epstopdf)                    date: 2019-10-07 15:18:00
(epstopdf)                    size: 15758 bytes
(epstopdf)             Command: <repstopdf --outfile=images/elec-eps-converted-
to.pdf images/elec.eps>
(epstopdf)             \includegraphics on input line 173.
Package epstopdf Info: Output file is already uptodate.
<images/elec-eps-converted-to.pdf, id=50, 260.975pt x 136.51pt>
File: images/elec-eps-converted-to.pdf Graphic file (type pdf)

<use images/elec-eps-converted-to.pdf>
Package pdftex.def Info: images/elec-eps-converted-to.pdf used on input line 17
3.
(pdftex.def)             Requested size: 326.38918pt x 170.71652pt.

Overfull \hbox (7.06422pt too wide) in paragraph at lines 168--178
[]\T2A/cmr/m/n/17.28 При попадании высокоэнергичного $\OML/cmm/m/it/17.28 ^^M$\
T2A/cmr/m/n/17.28 -кванта в достаточно толстый
 []


Overfull \hbox (12.56465pt too wide) in paragraph at lines 168--178
\T2A/cmr/m/n/17.28 слой вещества, размер которого превышает длину свободного пр
обега
 []


Overfull \hbox (50.44424pt too wide) in paragraph at lines 168--178
\T2A/cmr/m/n/17.28 будет лавинообразно продолжаться всј то время, пока реакции 
тормозного
 []


Overfull \hbox (18.32684pt too wide) in paragraph at lines 182--184
[]\T2A/cmr/m/n/17.28 При малых энергиях решающую роль будут играть другие проце
ссы
 []


Overfull \hbox (14.60301pt too wide) in paragraph at lines 182--184
\T2A/cmr/m/n/17.28 поток частиц уменьшится. Ливень также может возникнуть не то
лько
 []

[8]
Overfull \hbox (1.6386pt too wide) in paragraph at lines 185--189
[]\T2A/cmr/m/n/17.28 Если вышеописанная реакция происходит в прозрачном веществ
е,
 []


Overfull \hbox (25.87726pt too wide) in paragraph at lines 185--189
\T2A/cmr/m/n/17.28 возникать черенковское излучение. Если толщина вещества дост
аточна
 []


Overfull \hbox (70.51718pt too wide) in paragraph at lines 185--189
\T2A/cmr/m/n/17.28 На этом основан принцип измерения энергии черенковскими спек
трометрами
 []


Overfull \hbox (39.05399pt too wide) in paragraph at lines 192--195
[]\T2A/cmr/m/n/17.28 В завершение этого раздела будет приведјн ещј один тип чер
енковских
 []


Overfull \hbox (48.87581pt too wide) in paragraph at lines 192--195
\T2A/cmr/m/n/17.28 детекторов. Его работа также основана на регистрации электро
магнитных
 []


Overfull \hbox (13.936pt too wide) in paragraph at lines 192--195
\T2A/cmr/m/n/17.28 и изучение спектров этих $\OML/cmm/m/it/17.28 ^^M$\T2A/cmr/m
/n/17.28 -квантов поможет лучше понять процессы,
 []


Overfull \hbox (15.29285pt too wide) in paragraph at lines 196--201
\T2A/cmr/m/n/17.28 либо детекторами, похожими на прожекторы. Необходимо уменьши
ть
 []


Overfull \hbox (17.08817pt too wide) in paragraph at lines 196--201
\T2A/cmr/m/n/17.28 небольшом расстоянии. Событие регистрируется, если оно проис
ходит
 []


Overfull \hbox (25.64787pt too wide) in paragraph at lines 196--201
\T2A/cmr/m/n/17.28 одновременно на многих детекторах. Естественно, эксперимент 
ведјтся
 []


Overfull \hbox (18.99821pt too wide) in paragraph at lines 202--203
[]\T2A/cmr/m/n/17.28 Черенковское излучение сопровождает не только электромагни
тные
 []

[9 <./images/elec-eps-converted-to.pdf>]
Overfull \hbox (9.62805pt too wide) in paragraph at lines 204--205
\T2A/cmr/m/n/17.28 привести прототип черенковского телескопа для Якутской устан
овки
 []


Overfull \hbox (55.63905pt too wide) in paragraph at lines 204--205
\T2A/cmr/m/n/17.28 ШАЛ. Это широкоугольный телескоп с дифференциальными детекто
рами. 
 []


Overfull \hbox (16.51779pt too wide) in paragraph at lines 208--209
[]\T2A/cmr/m/n/17.28 В данном разделе будут рассмотрены характеристики черенков
ских
 []


Overfull \hbox (40.98404pt too wide) in paragraph at lines 208--209
\T2A/cmr/m/n/17.28 детекторов, разные качества пороговых и дифференциальных счј
тчиков,
 []


LaTeX Warning: Command \r invalid in math mode on input line 212.

! Argument of \add@accent has an extra }.
<inserted text> 
                \par 
l.212 ...РёСЏ СЃРѕРѕС‚РІРµС‚СЃС‚РІРµРЅРЅРѕ $n_{\r}
                                                  $ Рё $n_v$ С‡РµСЂРµРЅРєРѕР...
I've run across a `}' that doesn't seem to match anything.
For example, `\def\a#1{...}' and `\a}' would produce
this error. If you simply proceed now, the `\par' that
I've just inserted will cause me to report a runaway
argument that might be the root of the problem. But if
your `}' was spurious, just type `2' and it will go away.

Runaway argument?
! Paragraph ended before \add@accent was complete.
<to be read again> 
                   \par 
l.212 ...РёСЏ СЃРѕРѕС‚РІРµС‚СЃС‚РІРµРЅРЅРѕ $n_{\r}
                                                  $ Рё $n_v$ С‡РµСЂРµРЅРєРѕР...
I suspect you've forgotten a `}', causing me to apply this
control sequence to too much text. How can we recover?
My plan is to forget the whole thing and hope for the best.

! Missing $ inserted.
<inserted text> 
                $
l.212 ...РёСЏ СЃРѕРѕС‚РІРµС‚СЃС‚РІРµРЅРЅРѕ $n_{\r}
                                                  $ Рё $n_v$ С‡РµСЂРµРЅРєРѕР...
I've inserted a begin-math/end-math symbol since I think
you left one out. Proceed, with fingers crossed.

! Missing } inserted.
<inserted text> 
                }
l.212 ...РёСЏ СЃРѕРѕС‚РІРµС‚СЃС‚РІРµРЅРЅРѕ $n_{\r}
                                                  $ Рё $n_v$ С‡РµСЂРµРЅРєРѕР...
I've inserted something that you may have forgotten.
(See the <inserted text> above.)
With luck, this will get me unwedged. But if you
really didn't forget anything, try typing `2' now; then
my insertion and my current dilemma will both disappear.


Overfull \hbox (33.42244pt too wide) in paragraph at lines 212--212
[]\T2A/cmr/m/n/17.28 Конечная длительность светового импульса черенковского изл
учения,
 []

! Extra }, or forgotten \endgroup.
<recently read> }
                 
l.212 ...РёСЏ СЃРѕРѕС‚РІРµС‚СЃС‚РІРµРЅРЅРѕ $n_{\r}
                                                  $ Рё $n_v$ С‡РµСЂРµРЅРєРѕР...
I've deleted a group-closing symbol because it seems to be
spurious, as in `$x}$'. But perhaps the } is legitimate and
you forgot something else, as in `\hbox{$x}'. In such cases
the way to recover is to insert both the forgotten and the
deleted material, e.g., by typing `I$}'.


LaTeX Warning: Command \cyri invalid in math mode on input line 212.

Missing character: There is no и in font cmr17!
! Missing $ inserted.
<inserted text> 
                $
l.212 ...ѕРѕС‚РІРµС‚СЃС‚РІРµРЅРЅРѕ $n_{\r}$ Рё $n_
                                                  v$ С‡РµСЂРµРЅРєРѕРІСЃРєРѕР...
I've inserted a begin-math/end-math symbol since I think
you left one out. Proceed, with fingers crossed.


Overfull \hbox (44.82031pt too wide) in paragraph at lines 215--217
[]\T2A/cmr/m/n/17.28 Происходит размытие угла $\OT1/cmr/m/n/17.28 ^^A\OML/cmm/m
/it/17.28 ^^R \OT1/cmr/m/n/17.28 = \OML/cmm/m/it/17.28 ^^R[] \OMS/cmsy/m/n/17.2
8 ^^@ \OML/cmm/m/it/17.28 ^^R[]$\T2A/cmr/m/n/17.28 . Оно приводит к существован
ию
 []


Overfull \hbox (61.72618pt too wide) in paragraph at lines 215--217
\T2A/cmr/m/n/17.28 конечной длительности светового импульса для наблюдателя, на
ходящегося
 []


Overfull \hbox (27.46794pt too wide) in paragraph at lines 215--217
\T2A/cmr/m/n/17.28 определяется временем, необходимым для прохождения <<фиолето
вым>>
 []


Overfull \hbox (2.56587pt too wide) in paragraph at lines 215--217
\OML/cmm/m/it/17.28 ^^\ \OT1/cmr/m/n/17.28 = []([] [] \OMS/cmsy/m/n/17.28 ^^@ [
] []\OT1/cmr/m/n/17.28 )$\T2A/cmr/m/n/17.28 . При высоких показателях преломлен
ия и низкой
 []


Overfull \hbox (17.75253pt too wide) in paragraph at lines 218--219
\T2A/cmr/m/n/17.28 определяется временем нарастания светового импульса на фоток
атоде
 []


Overfull \hbox (23.16536pt too wide) in paragraph at lines 218--219
\T2A/cmr/m/n/17.28 ФЭУ и временными характеристиками самого ФЭУ. Время нарастан
ия
 []


Overfull \hbox (35.11246pt too wide) in paragraph at lines 218--219
\T2A/cmr/m/n/17.28 светового импульса на фотокатоде ФЭУ несколько больше длител
ьности
 []


Overfull \hbox (22.21252pt too wide) in paragraph at lines 218--219
\OT1/cmr/m/n/17.28 10[]$ \T2A/cmr/m/n/17.28 с), так как черенковское излучение 
в детекторах без фокусировки
 []


Overfull \hbox (3.09895pt too wide) in paragraph at lines 218--219
\T2A/cmr/m/n/17.28 прежде чем попасть на фотокатод, испытывает отражение от сте
нок
 []


Overfull \hbox (42.3344pt too wide) in paragraph at lines 218--219
\T2A/cmr/m/n/17.28 радиатора. Поэтому время нарастания светового импульса на фо
токатоде
 []


Overfull \hbox (20.91385pt too wide) in paragraph at lines 218--219
\T2A/cmr/m/n/17.28 ФЭУ зависит от отражающих свойств стенок радиатора. В радиат
орах
 []


Overfull \hbox (66.91966pt too wide) in paragraph at lines 218--219
\T2A/cmr/m/n/17.28 с диффузным отражателем это время превышает длительность соб
ственного
 []


Overfull \hbox (5.97244pt too wide) in paragraph at lines 218--219
\T2A/cmr/m/n/17.28 отражении разрешающее время составляет $\OMS/cmsy/m/n/17.28 
^^X \OT1/cmr/m/n/17.28 10[]$ \T2A/cmr/m/n/17.28 c для радиаторов
 []


Overfull \hbox (15.1878pt too wide) in paragraph at lines 220--221
\T2A/cmr/m/n/17.28 черенковского излучения $\OT1/cmr/m/n/17.28 10[]$ \T2A/cmr/m
/n/17.28 -- $\OT1/cmr/m/n/17.28 10[]$ \T2A/cmr/m/n/17.28 с, а ФЭУ обычно воспро
изводят
 []

[10]
Overfull \hbox (4.10922pt too wide) in paragraph at lines 223--224
[]\T2A/cmr/m/n/17.28 От свойств радиатора также зависит, в каком диапазоне скор
остей
 []


Overfull \hbox (25.20802pt too wide) in paragraph at lines 223--224
\T2A/cmr/m/n/17.28 частиц работает детектор. Продифференцировав соотношение 2[]
 можно
 []


Overfull \hbox (20.35204pt too wide) in paragraph at lines 232--236
[]\T2A/cmr/m/n/17.28 Черенковские детекторы применяются в спектрометрии электро
нов.
 []


Overfull \hbox (29.00786pt too wide) in paragraph at lines 232--236
\T2A/cmr/m/n/17.28 Диапазон 1 -- 10 МэВ выбран неслучайно, это энергии, соответ
ствующие
 []


Overfull \hbox (19.19485pt too wide) in paragraph at lines 232--236
\T2A/cmr/m/n/17.28 electrons). Проникая через защитные корпусы космических аппа
ратов,
 []


Overfull \hbox (54.05812pt too wide) in paragraph at lines 232--236
\T2A/cmr/m/n/17.28 они могут попадать прямиком в микросхему и приводить к неисп
равностям
 []


Overfull \hbox (58.34915pt too wide) in paragraph at lines 232--236
\T2A/cmr/m/n/17.28 и даже к поломке аппаратуры. Черенковские детекторы для спек
трометрии
 []


Overfull \hbox (59.89604pt too wide) in paragraph at lines 232--236
\T2A/cmr/m/n/17.28 Института Прикладной Геофизики, было 5 блоков при запуске "Г
ЛОНАСС-
 []


Overfull \hbox (29.91891pt too wide) in paragraph at lines 232--236
\T2A/cmr/m/n/17.28 М"в 2005 году. В 2014 году был разработан и создан экспериме
нтальный
 []


Overfull \hbox (6.03033pt too wide) in paragraph at lines 232--236
\T2A/cmr/m/n/17.28 прототип широкоугольного черенковского телескопа для совмест
ной
 []


! LaTeX Error: \begin{document} ended by \end{main}.

See the LaTeX manual or LaTeX Companion for explanation.
Type  H <return>  for immediate help.
 ...                                              
                                                  
l.238 \end{main}
                
Your command was ignored.
Type  I <command> <return>  to replace it with another command,
or  <return>  to continue without it.

) [11] [12]
(./РћРїСЂРµРґРµР»РµРЅРёРµ СЌРЅРµСЂРіРµС‚РёС‡РµСЃРєРѕРіРѕ СЂР°Р·СЂРµС€РµРЅРёСЏ С
‡РµСЂРµРЅРєРѕРІСЃРєРѕРіРѕ РґРµС‚РµРєС‚РѕСЂР° РґР»СЏ СЂРµРіРёСЃС‚СЂР°С†РёРё СЃРї
РµРєС‚СЂРѕРІ СЌР»РµРєС‚СЂРѕРЅРѕРІ РІ РґРёР°РїР°Р·РѕРЅРµ 1-10 РњСЌР’.aux)

LaTeX Font Warning: Size substitutions with differences
(Font)              up to 1.28pt have occurred.


LaTeX Warning: There were multiply-defined labels.

 ) 
Here is how much of TeX's memory you used:
 4180 strings out of 494946
 54871 string characters out of 6180981
 125661 words of memory out of 5000000
 7383 multiletter control sequences out of 15000+600000
 14866 words of font info for 37 fonts, out of 8000000 for 9000
 14 hyphenation exceptions out of 8191
 38i,9n,23p,1784b,298s stack positions out of 5000i,500n,10000p,200000b,80000s
{/usr/share/texlive/texmf-dist/fonts/enc/dvips/cm-super/cm-super-t2a.enc}</us
r/share/texlive/texmf-dist/fonts/type1/public/amsfonts/cm/cmex10.pfb></usr/shar
e/texlive/texmf-dist/fonts/type1/public/amsfonts/cm/cmmi10.pfb></usr/share/texl
ive/texmf-dist/fonts/type1/public/amsfonts/cm/cmmi12.pfb></usr/share/texlive/te
xmf-dist/fonts/type1/public/amsfonts/cm/cmr10.pfb></usr/share/texlive/texmf-dis
t/fonts/type1/public/amsfonts/cm/cmr17.pfb></usr/share/texlive/texmf-dist/fonts
/type1/public/amsfonts/cm/cmr8.pfb></usr/share/texlive/texmf-dist/fonts/type1/p
ublic/amsfonts/cm/cmsy10.pfb></usr/share/texlive/texmf-dist/fonts/type1/public/
cm-super/sfbx1000.pfb></usr/share/texlive/texmf-dist/fonts/type1/public/cm-supe
r/sfbx1200.pfb></usr/share/texlive/texmf-dist/fonts/type1/public/cm-super/sfbx1
440.pfb></usr/share/texlive/texmf-dist/fonts/type1/public/cm-super/sfbx2074.pfb
></usr/share/texlive/texmf-dist/fonts/type1/public/cm-super/sfrm1000.pfb></usr/
share/texlive/texmf-dist/fonts/type1/public/cm-super/sfrm1728.pfb></usr/share/t
exlive/texmf-dist/fonts/type1/public/cm-super/sfti1728.pfb>
Output written on "РћРїСЂРµРґРµР»РµРЅРёРµ СЌРЅРµСЂРіРµС‚РёС‡РµСЃРєРѕРіРѕ СЂР°Р·
СЂРµС€РµРЅРёСЏ С‡РµСЂРµРЅРєРѕРІСЃРєРѕРіРѕ РґРµС‚РµРєС‚РѕСЂР° РґР»СЏ СЂРµРіРёСЃС
‚СЂР°С†РёРё СЃРїРµРєС‚СЂРѕРІ СЌР»РµРєС‚СЂРѕРЅРѕРІ РІ РґРёР°РїР°Р·РѕРЅРµ 1-10 Рњ
СЌР’.pdf" (13 pages, 291912 bytes).
PDF statistics:
 116 PDF objects out of 1000 (max. 8388607)
 80 compressed objects within 1 object stream
 0 named destinations out of 1000 (max. 500000)
 16 words of extra memory for PDF output out of 10000 (max. 10000000)

