\BOOKMARK [0][-]{chapter*.2}{}{}% 1
\BOOKMARK [0][-]{chapter.1}{ -}{}% 2
\BOOKMARK [1][-]{section.1.1}{ \040}{chapter.1}% 3
\BOOKMARK [1][-]{section.1.2}{ \040 }{chapter.1}% 4
\BOOKMARK [1][-]{section.1.3}{ }{chapter.1}% 5
\BOOKMARK [0][-]{chapter.2}{ \040 \040}{}% 6
\BOOKMARK [1][-]{section.2.1}{ \040 \040}{chapter.2}% 7
\BOOKMARK [2][-]{subsection.2.1.1}{-3 \040 \040 \040}{section.2.1}% 8
\BOOKMARK [2][-]{subsection.2.1.2}{ \040<<>>}{section.2.1}% 9
\BOOKMARK [2][-]{subsection.2.1.3}{ \040<<>>}{section.2.1}% 10
\BOOKMARK [1][-]{section.2.2}{ \040 \040}{chapter.2}% 11
\BOOKMARK [2][-]{subsection.2.2.1}{ \040 Space Shuttle STS-57}{section.2.2}% 12
\BOOKMARK [2][-]{subsection.2.2.2}{ MARIE \040 Mars Odyssey}{section.2.2}% 13
\BOOKMARK [0][-]{chapter.3}{ \040}{}% 14
\BOOKMARK [1][-]{section.3.1}{ \040}{chapter.3}% 15
\BOOKMARK [1][-]{section.3.2}{ \040}{chapter.3}% 16
\BOOKMARK [1][-]{section.3.3}{ \040 \040}{chapter.3}% 17
\BOOKMARK [0][-]{chapter.4}{ \040}{}% 18
\BOOKMARK [1][-]{section.4.1}{ \040 \040 \040 GEANT4}{chapter.4}% 19
\BOOKMARK [2][-]{subsection.4.1.1}{ \040 }{section.4.1}% 20
\BOOKMARK [2][-]{subsection.4.1.2}{ \040 \040}{section.4.1}% 21
\BOOKMARK [0][-]{chapter*.5}{ \040}{}% 22
